Log file open, 04/23/20 16:24:40
LogWindows: Failed to load 'aqProf.dll' (GetLastError=126)
LogWindows: File 'aqProf.dll' does not exist
LogWindows: Failed to load 'VSPerf140.dll' (GetLastError=126)
LogWindows: File 'VSPerf140.dll' does not exist
LogWindows: Failed to load 'VtuneApi.dll' (GetLastError=126)
LogWindows: File 'VtuneApi.dll' does not exist
LogWindows: Failed to load 'VtuneApi32e.dll' (GetLastError=126)
LogWindows: File 'VtuneApi32e.dll' does not exist
LogInit: Display: Running engine for game: MyProject6
LogPlatformFile: Not using cached read wrapper
LogTaskGraph: Started task graph with 5 named threads and 14 total threads with 3 sets of task threads.
LogStats: Stats thread started at 0.293576
LogD3D11RHI: Loaded GFSDK_Aftermath_Lib.x64.dll
LogICUInternationalization: Display: ICU TimeZone Detection - Raw Offset: -6:00, Platform Override: ''
LogPluginManager: Mounting plugin Paper2D
LogPluginManager: Mounting plugin AISupport
LogPluginManager: Mounting plugin LightPropagationVolume
LogPluginManager: Mounting plugin CLionSourceCodeAccess
LogPluginManager: Mounting plugin CodeLiteSourceCodeAccess
LogPluginManager: Mounting plugin GitSourceControl
LogPluginManager: Mounting plugin KDevelopSourceCodeAccess
LogPluginManager: Mounting plugin NullSourceCodeAccess
LogPluginManager: Mounting plugin PerforceSourceControl
LogPluginManager: Mounting plugin SubversionSourceControl
LogPluginManager: Mounting plugin UObjectPlugin
LogPluginManager: Mounting plugin VisualStudioCodeSourceCodeAccess
LogPluginManager: Mounting plugin VisualStudioSourceCodeAccess
LogPluginManager: Mounting plugin XCodeSourceCodeAccess
LogPluginManager: Mounting plugin AssetManagerEditor
LogPluginManager: Mounting plugin CryptoKeys
LogPluginManager: Mounting plugin DataValidation
LogPluginManager: Mounting plugin FacialAnimation
LogPluginManager: Mounting plugin GameplayTagsEditor
LogPluginManager: Mounting plugin MacGraphicsSwitching
LogPluginManager: Mounting plugin MeshEditor
LogPluginManager: Mounting plugin MobileLauncherProfileWizard
LogPluginManager: Mounting plugin PluginBrowser
LogPluginManager: Mounting plugin SpeedTreeImporter
LogPluginManager: Mounting plugin DatasmithContent
LogPluginManager: Mounting plugin AlembicImporter
LogPluginManager: Mounting plugin AppleImageUtils
LogPluginManager: Mounting plugin AppleVision
LogPluginManager: Mounting plugin BackChannel
LogPluginManager: Mounting plugin CharacterAI
LogPluginManager: Mounting plugin GeometryCache
LogPluginManager: Mounting plugin HTML5Networking
LogPluginManager: Mounting plugin ProxyLODPlugin
LogPluginManager: Mounting plugin MagicLeap
LogPluginManager: Mounting plugin MagicLeapEmulator
LogPluginManager: Mounting plugin MagicLeapMedia
LogPluginManager: Mounting plugin AndroidMedia
LogPluginManager: Mounting plugin AvfMedia
LogPluginManager: Mounting plugin ImgMedia
LogPluginManager: Mounting plugin LinearTimecode
LogPluginManager: Mounting plugin MediaCompositing
LogPluginManager: Mounting plugin MediaPlayerEditor
LogPluginManager: Mounting plugin WmfMedia
LogPluginManager: Mounting plugin TcpMessaging
LogPluginManager: Mounting plugin UdpMessaging
LogPluginManager: Mounting plugin ActorSequence
LogPluginManager: Mounting plugin LevelSequenceEditor
LogPluginManager: Mounting plugin MatineeToLevelSequence
LogPluginManager: Mounting plugin NetcodeUnitTest
LogPluginManager: Mounting plugin NUTUnrealEngine4
LogPluginManager: Mounting plugin OnlineSubsystemGooglePlay
LogPluginManager: Mounting plugin OnlineSubsystemIOS
LogPluginManager: Mounting plugin OnlineSubsystem
LogPluginManager: Mounting plugin OnlineSubsystemNull
LogPluginManager: Mounting plugin OnlineSubsystemUtils
LogPluginManager: Mounting plugin LauncherChunkInstaller
LogPluginManager: Mounting plugin AndroidDeviceProfileSelector
LogPluginManager: Mounting plugin AndroidMoviePlayer
LogPluginManager: Mounting plugin AndroidPermission
LogPluginManager: Mounting plugin AppleMoviePlayer
LogPluginManager: Mounting plugin ArchVisCharacter
LogPluginManager: Mounting plugin AudioCapture
LogPluginManager: Mounting plugin CableComponent
LogPluginManager: Mounting plugin CustomMeshComponent
LogPluginManager: Mounting plugin EditableMesh
LogPluginManager: Mounting plugin ExampleDeviceProfileSelector
LogPluginManager: Mounting plugin GoogleCloudMessaging
LogPluginManager: Mounting plugin ImmediatePhysics
LogPluginManager: Mounting plugin IOSDeviceProfileSelector
LogPluginManager: Mounting plugin LinuxDeviceProfileSelector
LogPluginManager: Mounting plugin LocationServicesBPLibrary
LogPluginManager: Mounting plugin MobilePatchingUtils
LogPluginManager: Mounting plugin OculusVR
LogPluginManager: Plugin shader directory ../../../Engine/Plugins/Runtime/Oculus/OculusVR/Shaders found
LogPluginManager: Mapping shader source directory ../../../Engine/Plugins/Runtime/Oculus/OculusVR/Shaders to virtual directory /Plugin/OculusVR
LogPluginManager: Mounting plugin PhysXVehicles
LogPluginManager: Mounting plugin ProceduralMeshComponent
LogPluginManager: Mounting plugin RuntimePhysXCooking
LogPluginManager: Mounting plugin SteamVR
LogPluginManager: Mounting plugin WindowsMoviePlayer
LogStreaming: Display: Took  0.359s to configure plugins.
LogInit: Using libcurl 7.55.1-DEV
LogInit:  - built for x86_64-pc-win32
LogInit:  - supports SSL with OpenSSL/1.0.2h
LogInit:  - supports HTTP deflate (compression) using libz 1.2.8
LogInit:  - other features:
LogInit:      CURL_VERSION_SSL
LogInit:      CURL_VERSION_LIBZ
LogInit:      CURL_VERSION_IPV6
LogInit:      CURL_VERSION_ASYNCHDNS
LogInit:      CURL_VERSION_LARGEFILE
LogInit:      CURL_VERSION_IDN
LogInit:  CurlRequestOptions (configurable via config and command line):
LogInit:  - bVerifyPeer = false  - Libcurl will NOT verify peer certificate
LogInit:  - bUseHttpProxy = false  - Libcurl will NOT use HTTP proxy
LogInit:  - bDontReuseConnections = false  - Libcurl will reuse connections
LogInit:  - CertBundlePath = nullptr  - Libcurl will use whatever was configured at build time.
LogInit:  - MaxHostConnections = 16  - Libcurl will limit the number of connections to a host
LogInit:  - LocalHostAddr = Default
LogInit:  - BufferSize = 65536
LogInit: WinSock: version 1.1 (2.2), MaxSocks=32767, MaxUdp=65467
LogInit: Build: ++UE4+Release-4.20-CL-4369336
LogInit: Engine Version: 4.20.3-4369336+++UE4+Release-4.20
LogInit: Compatible Engine Version: 4.20.0-4212847+++UE4+Release-4.20
LogInit: Net CL: 4212847
LogInit: OS: Windows 10 (), CPU:         Intel(R) Core(TM) i5-3550 CPU @ 3.30GHz, GPU: Intel(R) HD Graphics
LogInit: Compiled (64-bit): Sep 17 2018 12:26:19
LogInit: Compiled with Visual C++: 19.13.26129.00
LogInit: Build Configuration: Development
LogInit: Branch Name: ++UE4+Release-4.20
LogInit: Command Line: -EpicPortal  -epicusername="Angel Medrano G." -epicuserid=290a1e5eadba4b98b69e87c9547c8a6a -epiclocale=en
LogInit: Base Directory: D:/Programas/Epic Games/UE_4.20/Engine/Binaries/Win64/
LogInit: Installed Engine Build: 1
LogDevObjectVersion: Number of dev versions registered: 20
LogDevObjectVersion:   Dev-Blueprints (B0D832E4-1F89-4F0D-ACCF-7EB736FD4AA2): 10
LogDevObjectVersion:   Dev-Build (E1C64328-A22C-4D53-A36C-8E866417BD8C): 0
LogDevObjectVersion:   Dev-Core (375EC13C-06E4-48FB-B500-84F0262A717E): 2
LogDevObjectVersion:   Dev-Editor (E4B068ED-F494-42E9-A231-DA0B2E46BB41): 24
LogDevObjectVersion:   Dev-Framework (CFFC743F-43B0-4480-9391-14DF171D2073): 34
LogDevObjectVersion:   Dev-Mobile (B02B49B5-BB20-44E9-A304-32B752E40360): 2
LogDevObjectVersion:   Dev-Networking (A4E4105C-59A1-49B5-A7C5-40C4547EDFEE): 0
LogDevObjectVersion:   Dev-Online (39C831C9-5AE6-47DC-9A44-9C173E1C8E7C): 0
LogDevObjectVersion:   Dev-Physics (78F01B33-EBEA-4F98-B9B4-84EACCB95AA2): 0
LogDevObjectVersion:   Dev-Platform (6631380F-2D4D-43E0-8009-CF276956A95A): 0
LogDevObjectVersion:   Dev-Rendering (12F88B9F-8875-4AFC-A67C-D90C383ABD29): 26
LogDevObjectVersion:   Dev-Sequencer (7B5AE74C-D270-4C10-A958-57980B212A5A): 9
LogDevObjectVersion:   Dev-VR (D7296918-1DD6-4BDD-9DE2-64A83CC13884): 2
LogDevObjectVersion:   Dev-LoadTimes (C2A15278-BFE7-4AFE-6C17-90FF531DF755): 1
LogDevObjectVersion:   Private-Geometry (6EACA3D4-40EC-4CC1-B786-8BED09428FC5): 3
LogDevObjectVersion:   Dev-AnimPhys (29E575DD-E0A3-4627-9D10-D276232CDCEA): 17
LogDevObjectVersion:   Dev-ReflectionCapture (6B266CEC-1EC7-4B8F-A30B-E4D90942FC07): 1
LogDevObjectVersion:   Dev-Automation (0DF73D61-A23F-47EA-B727-89E90C41499A): 1
LogDevObjectVersion:   FortniteMain (601D1886-AC64-4F84-AA16-D3DE0DEAC7D6): 12
LogDevObjectVersion:   Dev-Enterprise (9DFFBCD6-494F-0158-E221-12823C92A888): 1
LogStreaming: Display: Took  0.000s to delete old logs.
LogInit: Presizing for max 8388607 objects, including 0 objects not considered by GC, pre-allocating 0 bytes for permanent pool.
LogInit: Object subsystem initialized
[2020.04.23-21.24.41:516][  0]LogInit: Selected Device Profile: [Windows]
[2020.04.23-21.24.41:516][  0]LogInit: Applying CVar settings loaded from the selected device profile: [Windows]
[2020.04.23-21.24.41:539][  0]LogHAL: Display: Platform has ~ 16 GB [17060900864 / 17179869184 / 16], which maps to Larger [LargestMinGB=32, LargerMinGB=12, DefaultMinGB=8, SmallerMinGB=6, SmallestMinGB=0)
[2020.04.23-21.24.41:540][  0]LogInit: Setting Device Profile CVar: [[r.Vulkan.UseRealUBs:1]]
[2020.04.23-21.24.41:540][  0]LogInit: Going up to parent DeviceProfile []
[2020.04.23-21.24.41:540][  0]LogInit: Computer: DESKTOP-DRG68JE
[2020.04.23-21.24.41:540][  0]LogInit: User: AngelMedranoG
[2020.04.23-21.24.41:540][  0]LogInit: CPU Page size=4096, Cores=4
[2020.04.23-21.24.41:540][  0]LogInit: High frequency timer resolution =10.000000 MHz
[2020.04.23-21.24.41:540][  0]LogMemory: Memory total: Physical=15.9GB (16GB approx)
[2020.04.23-21.24.41:540][  0]LogMemory: Platform Memory Stats for Windows
[2020.04.23-21.24.41:540][  0]LogMemory: Process Physical Memory: 100.51 MB used, 100.51 MB peak
[2020.04.23-21.24.41:540][  0]LogMemory: Process Virtual Memory: 88.61 MB used, 88.61 MB peak
[2020.04.23-21.24.41:540][  0]LogMemory: Physical Memory: 6211.87 MB used,  10058.68 MB free, 16270.54 MB total
[2020.04.23-21.24.41:540][  0]LogMemory: Virtual Memory: 4613.21 MB used,  10058.68 MB free, 134217728.00 MB total
[2020.04.23-21.24.41:555][  0]LogInit: Overriding language with editor language configuration option (en).
[2020.04.23-21.24.41:555][  0]LogInit: Overriding locale with editor locale configuration option (en).
[2020.04.23-21.24.41:974][  0]LogStreaming: Display: Took  0.419s to InitEngineTextLocalization.
[2020.04.23-21.24.41:974][  0]LogInit: Setting process to per monitor DPI aware
[2020.04.23-21.24.42:027][  0]LogSlate: New Slate User Created.  User Index 0, Is Virtual User: 0
[2020.04.23-21.24.42:027][  0]LogSlate: Slate User Registered.  User Index 0, Is Virtual User: 0
[2020.04.23-21.24.42:249][  0]LogHMD: Failed to initialize OpenVR with code 110
[2020.04.23-21.24.42:249][  0]LogD3D11RHI: D3D11 adapters:
[2020.04.23-21.24.42:270][  0]LogD3D11RHI:    0. 'AMD Radeon HD 7000 series' (Feature Level 11_0)
[2020.04.23-21.24.42:270][  0]LogD3D11RHI:       1008/0/3840 MB DedicatedVideo/DedicatedSystem/SharedSystem, Outputs:1, VendorId:0x1002
[2020.04.23-21.24.42:275][  0]LogD3D11RHI:    1. 'Intel(R) HD Graphics' (Feature Level 11_0)
[2020.04.23-21.24.42:275][  0]LogD3D11RHI:       32/0/1760 MB DedicatedVideo/DedicatedSystem/SharedSystem, Outputs:1, VendorId:0x8086
[2020.04.23-21.24.42:278][  0]LogD3D11RHI:    2. 'Microsoft Basic Render Driver' (Feature Level 11_0)
[2020.04.23-21.24.42:278][  0]LogD3D11RHI:       0/0/8135 MB DedicatedVideo/DedicatedSystem/SharedSystem, Outputs:0, VendorId:0x1414
[2020.04.23-21.24.42:278][  0]LogD3D11RHI: Chosen D3D11 Adapter: 0
[2020.04.23-21.24.42:285][  0]LogD3D11RHI: Creating new Direct3DDevice
[2020.04.23-21.24.42:285][  0]LogD3D11RHI:     GPU DeviceId: 0x6778 (for the marketing name, search the web for "GPU Device Id")
[2020.04.23-21.24.42:285][  0]LogWindows: EnumDisplayDevices:
[2020.04.23-21.24.42:285][  0]LogWindows:    0. 'Intel(R) HD Graphics' (P:0 D:1)
[2020.04.23-21.24.42:286][  0]LogWindows:    1. 'Intel(R) HD Graphics' (P:0 D:0)
[2020.04.23-21.24.42:286][  0]LogWindows:    2. 'Intel(R) HD Graphics' (P:0 D:0)
[2020.04.23-21.24.42:287][  0]LogWindows:    3. 'AMD Radeon HD 7000 series' (P:1 D:1)
[2020.04.23-21.24.42:287][  0]LogWindows:    4. 'AMD Radeon HD 7000 series' (P:0 D:0)
[2020.04.23-21.24.42:288][  0]LogWindows:    5. 'AMD Radeon HD 7000 series' (P:0 D:0)
[2020.04.23-21.24.42:288][  0]LogWindows:    6. 'AMD Radeon HD 7000 series' (P:0 D:0)
[2020.04.23-21.24.42:289][  0]LogWindows: DebugString: PrimaryIsNotTheChoosenAdapter PrimaryIsNotTheChoosenAdapter PrimaryIsNotTheChoosenAdapter FoundDriverCount:4 
[2020.04.23-21.24.42:289][  0]LogD3D11RHI:     Adapter Name: AMD Radeon HD 7000 series
[2020.04.23-21.24.42:289][  0]LogD3D11RHI:   Driver Version: 15.201.1151.1008 (internal:15.201.1151.1008, unified:15.201.1151.1008)
[2020.04.23-21.24.42:289][  0]LogD3D11RHI:      Driver Date: 11-4-2015
[2020.04.23-21.24.42:289][  0]LogRHI: Texture pool is 706 MB (70% of 1008 MB)
[2020.04.23-21.24.42:361][  0]LogD3D11RHI: AMD Pre GCN architecture detected, some driver workarounds will be in place
[2020.04.23-21.24.42:374][  0]LogD3D11RHI: Async texture creation enabled
[2020.04.23-21.24.42:386][  0]LogD3D11RHI: GPU Timing Frequency: 27.000000 (Debug: 2 1)
[2020.04.23-21.24.42:387][  0]LogShaderCompilers: Guid format shader working directory is 21 characters bigger than the processId version (../../../../../../unreal/MyProject6/Intermediate/Shaders/WorkingDirectory/8724/).
[2020.04.23-21.24.42:387][  0]LogShaderCompilers: Cleaned the shader compiler working directory 'C:/Users/Angel Medrano G/AppData/Local/Temp/UnrealShaderWorkingDir/D327D6AF4DCA90EB1F2203A0F4D954EA/'.
[2020.04.23-21.24.42:708][  0]LogTemp: Display: Loaded TP AllDesktopTargetPlatform
[2020.04.23-21.24.42:729][  0]LogTemp: Display: Loaded TP MacClientTargetPlatform
[2020.04.23-21.24.42:748][  0]LogTemp: Display: Loaded TP MacNoEditorTargetPlatform
[2020.04.23-21.24.42:765][  0]LogTemp: Display: Loaded TP MacServerTargetPlatform
[2020.04.23-21.24.42:781][  0]LogTemp: Display: Loaded TP MacTargetPlatform
[2020.04.23-21.24.42:799][  0]LogTemp: Display: Loaded TP WindowsClientTargetPlatform
[2020.04.23-21.24.42:816][  0]LogTemp: Display: Loaded TP WindowsNoEditorTargetPlatform
[2020.04.23-21.24.42:833][  0]LogTemp: Display: Loaded TP WindowsServerTargetPlatform
[2020.04.23-21.24.42:840][  0]LogTemp: Display: Loaded TP WindowsTargetPlatform
[2020.04.23-21.24.42:935][  0]LogTemp: Display: Loaded TP AndroidTargetPlatform
[2020.04.23-21.24.42:935][  0]LogTemp: Display: Loaded TP AndroidTargetPlatform
[2020.04.23-21.24.42:935][  0]LogTemp: Display: Loaded TP AndroidTargetPlatform
[2020.04.23-21.24.42:935][  0]LogTemp: Display: Loaded TP AndroidTargetPlatform
[2020.04.23-21.24.42:935][  0]LogTemp: Display: Loaded TP AndroidTargetPlatform
[2020.04.23-21.24.42:935][  0]LogTemp: Display: Loaded TP AndroidTargetPlatform
[2020.04.23-21.24.42:935][  0]LogTemp: Display: Loaded TP AndroidTargetPlatform
[2020.04.23-21.24.42:935][  0]LogTemp: Display: Loaded TP AndroidTargetPlatform
[2020.04.23-21.24.42:935][  0]LogTemp: Display: Loaded TP AndroidTargetPlatform
[2020.04.23-21.24.42:935][  0]LogTemp: Display: Loaded TP AndroidTargetPlatform
[2020.04.23-21.24.42:936][  0]LogTemp: Display: Loaded TP AndroidTargetPlatform
[2020.04.23-21.24.42:936][  0]LogTemp: Display: Loaded TP AndroidTargetPlatform
[2020.04.23-21.24.42:936][  0]LogTemp: Display: Loaded TP AndroidTargetPlatform
[2020.04.23-21.24.42:936][  0]LogTemp: Display: Loaded TP AndroidTargetPlatform
[2020.04.23-21.24.42:936][  0]LogTemp: Display: Loaded TP AndroidTargetPlatform
[2020.04.23-21.24.42:936][  0]LogTemp: Display: Loaded TP AndroidTargetPlatform
[2020.04.23-21.24.42:936][  0]LogTemp: Display: Loaded TP AndroidTargetPlatform
[2020.04.23-21.24.42:936][  0]LogTemp: Display: Loaded TP AndroidTargetPlatform
[2020.04.23-21.24.42:937][  0]LogTemp: Display: Loaded TP HTML5TargetPlatform
[2020.04.23-21.24.43:003][  0]LogTemp: Display: Loaded TP IOSTargetPlatform
[2020.04.23-21.24.43:003][  0]LogTemp: Display: Loaded TP IOSTargetPlatform
[2020.04.23-21.24.43:031][  0]LogTemp: Display: Loaded TP TVOSTargetPlatform
[2020.04.23-21.24.43:031][  0]LogTemp: Display: Loaded TP TVOSTargetPlatform
[2020.04.23-21.24.43:045][  0]LogTemp: Display: Loaded TP LinuxClientTargetPlatform
[2020.04.23-21.24.43:061][  0]LogTemp: Display: Loaded TP LinuxNoEditorTargetPlatform
[2020.04.23-21.24.43:076][  0]LogTemp: Display: Loaded TP LinuxServerTargetPlatform
[2020.04.23-21.24.43:093][  0]LogTemp: Display: Loaded TP LinuxTargetPlatform
[2020.04.23-21.24.43:103][  0]LogTemp: Display: Loaded TP LuminTargetPlatform
[2020.04.23-21.24.43:103][  0]LogTargetPlatformManager: Display: Building Assets For Windows
[2020.04.23-21.24.43:177][  0]LogXGEController: Cannot use XGE Controller as Incredibuild is not installed on this machine.
[2020.04.23-21.24.43:177][  0]LogShaderCompilers: Cannot use XGE Shader Compiler as Incredibuild is not installed on this machine.
[2020.04.23-21.24.43:178][  0]LogShaderCompilers: Display: Using Local Shader Compiler.
[2020.04.23-21.24.44:099][  0]LogDerivedDataCache: Display: Max Cache Size: 512 MB
[2020.04.23-21.24.44:169][  0]LogDerivedDataCache: Loaded boot cache 0.07s 71MB C:/Users/Angel Medrano G/AppData/Local/UnrealEngine/4.20/DerivedDataCache/Boot.ddc.
[2020.04.23-21.24.44:170][  0]LogDerivedDataCache: Display: Loaded Boot cache: C:/Users/Angel Medrano G/AppData/Local/UnrealEngine/4.20/DerivedDataCache/Boot.ddc
[2020.04.23-21.24.44:170][  0]LogDerivedDataCache: FDerivedDataBackendGraph:  Pak pak cache file ../../../../../../unreal/MyProject6/DerivedDataCache/DDC.ddp not found, will not use a pak cache.
[2020.04.23-21.24.44:170][  0]LogDerivedDataCache: Unable to find inner node Pak for hierarchical cache Hierarchy.
[2020.04.23-21.24.44:170][  0]LogDerivedDataCache: FDerivedDataBackendGraph:  CompressedPak pak cache file ../../../../../../unreal/MyProject6/DerivedDataCache/Compressed.ddp not found, will not use a pak cache.
[2020.04.23-21.24.44:170][  0]LogDerivedDataCache: Unable to find inner node CompressedPak for hierarchical cache Hierarchy.
[2020.04.23-21.24.44:188][  0]LogDerivedDataCache: Display: Pak cache opened for reading ../../../Engine/DerivedDataCache/Compressed.ddp.
[2020.04.23-21.24.44:201][  0]LogDerivedDataCache: Using Local data cache path C:/Users/Angel Medrano G/AppData/Local/UnrealEngine/Common/DerivedDataCache: Writable
[2020.04.23-21.24.44:201][  0]LogDerivedDataCache: Shared data cache path not found in *engine.ini, will not use an Shared cache.
[2020.04.23-21.24.44:201][  0]LogDerivedDataCache: Unable to find inner node Shared for hierarchical cache Hierarchy.
[2020.04.23-21.24.44:222][  0]LogMaterial: Verifying Global Shaders for PCD3D_SM5
[2020.04.23-21.24.44:224][  0]LogSlate: Using FreeType 2.6.0
[2020.04.23-21.24.44:224][  0]LogSlate: SlateFontServices - WITH_FREETYPE: 1, WITH_HARFBUZZ: 1
[2020.04.23-21.24.44:303][  0]LogAssetRegistry: FAssetRegistry took 0.0266 seconds to start up
[2020.04.23-21.24.44:727][  0]LogInit: Selected Device Profile: [Windows]
[2020.04.23-21.24.44:884][  0]LogSimplygon: Simplygon DLL not present - disabling.
[2020.04.23-21.24.44:888][  0]LogMeshReduction: Using SimplygonSwarm for distributed automatic mesh merging
[2020.04.23-21.24.44:888][  0]LogMeshReduction: Using ProxyLODMeshReduction for automatic mesh merging
[2020.04.23-21.24.44:888][  0]LogMeshReduction: Using QuadricMeshReduction for automatic static mesh reduction
[2020.04.23-21.24.44:888][  0]LogMeshReduction: No automatic skeletal mesh reduction module available
[2020.04.23-21.24.44:905][  0]LogNetVersion: MyProject6 1.0.0, NetCL: 4212847, EngineNetVer: 5, GameNetVer: 0 (Checksum: 3060371587)
[2020.04.23-21.24.45:586][  0]LogPackageLocalizationCache: Processed 11 localized package path(s) for 1 prioritized culture(s) in 0.162651 seconds
[2020.04.23-21.24.45:594][  0]LogUObjectArray: 38425 objects as part of root set at end of initial load.
[2020.04.23-21.24.45:594][  0]LogUObjectAllocator: 6690872 out of 0 bytes used by permanent object pool.
[2020.04.23-21.24.45:594][  0]LogUObjectArray: CloseDisregardForGC: 0/0 objects in disregard for GC pool
[2020.04.23-21.24.46:631][  0]LogTcpMessaging: Initializing TcpMessaging bridge
[2020.04.23-21.24.46:665][  0]LogUdpMessaging: Initializing bridge on interface 0.0.0.0:0 to multicast group 230.0.0.1:6666.
[2020.04.23-21.24.46:845][  0]SourceControl: Source control is disabled
[2020.04.23-21.24.46:845][  0]SourceControl: Source control is disabled
[2020.04.23-21.24.46:846][  0]SourceControl: Source control is disabled
[2020.04.23-21.24.46:846][  0]SourceControl: Source control is disabled
[2020.04.23-21.24.47:123][  0]LogAndroidPermission: UAndroidPermissionCallbackProxy::GetInstance
[2020.04.23-21.24.47:187][  0]LogOcInput: OculusInput pre-init called
[2020.04.23-21.24.47:258][  0]LogEngine: Initializing Engine...
[2020.04.23-21.24.47:259][  0]LogHMD: Failed to initialize OpenVR with code 110
[2020.04.23-21.24.47:260][  0]LogStats: UGameplayTagsManager::ConstructGameplayTagTree: ImportINI prefixes -  0.000 s
[2020.04.23-21.24.47:260][  0]LogStats: UGameplayTagsManager::ConstructGameplayTagTree: Construct from data asset -  0.000 s
[2020.04.23-21.24.47:260][  0]LogStats: UGameplayTagsManager::ConstructGameplayTagTree: ImportINI -  0.000 s
[2020.04.23-21.24.47:260][  0]LogStats: UGameplayTagsManager::ConstructGameplayTagTree: GameplayTagTreeChangedEvent.Broadcast -  0.000 s
[2020.04.23-21.24.47:499][  0]LogInit: Initializing FReadOnlyCVARCache
[2020.04.23-21.24.47:516][  0]LogAIModule: Creating AISystem for world Untitled
[2020.04.23-21.24.47:525][  0]LogInit: XAudio2 using 'Altavoces / Auriculares (Realtek High Definition Audio)' : 2 channels at 48 kHz using 32 bits per sample (channel mask 0x3)
[2020.04.23-21.24.47:554][  0]LogInit: FAudioDevice initialized.
[2020.04.23-21.24.47:554][  0]LogNetVersion: Set ProjectVersion to 1.0.0.0. Version Checksum will be recalculated on next use.
[2020.04.23-21.24.47:695][  0]LogDerivedDataCache: Saved boot cache 0.14s 71MB C:/Users/Angel Medrano G/AppData/Local/UnrealEngine/4.20/DerivedDataCache/Boot.ddc.
[2020.04.23-21.24.47:705][  0]LogInit: Texture streaming: Enabled
[2020.04.23-21.24.47:727][  0]LogEngineSessionManager: EngineSessionManager initialized
[2020.04.23-21.24.47:749][  0]LogInit: Transaction tracking system initialized
[2020.04.23-21.24.47:782][  0]BlueprintLog: New page: Editor Load
[2020.04.23-21.24.47:978][  0]LocalizationService: Localization service is disabled
[2020.04.23-21.24.48:321][  0]LogCook: Display: Max memory allowance for cook 16384mb min free memory 0mb
[2020.04.23-21.24.48:321][  0]LogCook: Display: Mobile HDR setting 1
[2020.04.23-21.24.48:321][  0]LogGameplayTags: Display: UGameplayTagsManager::DoneAddingNativeTags. DelegateIsBound: 0
[2020.04.23-21.24.48:321][  0]LogStats: UGameplayTagsManager::ConstructGameplayTagTree: ImportINI prefixes -  0.000 s
[2020.04.23-21.24.48:321][  0]LogStats: UGameplayTagsManager::ConstructGameplayTagTree: Construct from data asset -  0.000 s
[2020.04.23-21.24.48:321][  0]LogStats: UGameplayTagsManager::ConstructGameplayTagTree: ImportINI -  0.000 s
[2020.04.23-21.24.48:321][  0]LogStats: UGameplayTagsManager::ConstructGameplayTagTree: GameplayTagTreeChangedEvent.Broadcast -  0.000 s
[2020.04.23-21.24.48:484][  0]LogFileCache: Scanning file cache for directory 'D:/unreal/MyProject6/Content/' took 0.01s
[2020.04.23-21.24.48:484][  0]SourceControl: Source control is disabled
[2020.04.23-21.24.48:699][  0]LogFactory: FactoryCreateFile: PackFactory with PackFactory (0 0 D:/Programas/Epic Games/UE_4.20/FeaturePacks/StarterContent.upack)
[2020.04.23-21.24.48:820][  0]LogPackFactory: Finished extracting 8 files (including 0 errors).
[2020.04.23-21.24.48:877][  0]LogPackFactory: Copied "../../../Samples/StarterContent/Content/StarterContent/Architecture/Floor_400x400.uasset" to "../../../../../../unreal/MyProject6/Content/StarterContent/Architecture/Floor_400x400.uasset"
[2020.04.23-21.24.48:897][  0]LogPackFactory: Copied "../../../Samples/StarterContent/Content/StarterContent/Architecture/Pillar_50x500.uasset" to "../../../../../../unreal/MyProject6/Content/StarterContent/Architecture/Pillar_50x500.uasset"
[2020.04.23-21.24.48:933][  0]LogPackFactory: Copied "../../../Samples/StarterContent/Content/StarterContent/Architecture/SM_AssetPlatform.uasset" to "../../../../../../unreal/MyProject6/Content/StarterContent/Architecture/SM_AssetPlatform.uasset"
[2020.04.23-21.24.48:958][  0]LogPackFactory: Copied "../../../Samples/StarterContent/Content/StarterContent/Architecture/Wall_400x200.uasset" to "../../../../../../unreal/MyProject6/Content/StarterContent/Architecture/Wall_400x200.uasset"
[2020.04.23-21.24.48:973][  0]LogPackFactory: Copied "../../../Samples/StarterContent/Content/StarterContent/Architecture/Wall_400x300.uasset" to "../../../../../../unreal/MyProject6/Content/StarterContent/Architecture/Wall_400x300.uasset"
[2020.04.23-21.24.49:000][  0]LogPackFactory: Copied "../../../Samples/StarterContent/Content/StarterContent/Architecture/Wall_400x400.uasset" to "../../../../../../unreal/MyProject6/Content/StarterContent/Architecture/Wall_400x400.uasset"
[2020.04.23-21.24.49:026][  0]LogPackFactory: Copied "../../../Samples/StarterContent/Content/StarterContent/Architecture/Wall_500x500.uasset" to "../../../../../../unreal/MyProject6/Content/StarterContent/Architecture/Wall_500x500.uasset"
[2020.04.23-21.24.49:052][  0]LogPackFactory: Copied "../../../Samples/StarterContent/Content/StarterContent/Architecture/Wall_Door_400x300.uasset" to "../../../../../../unreal/MyProject6/Content/StarterContent/Architecture/Wall_Door_400x300.uasset"
[2020.04.23-21.24.49:063][  0]LogPackFactory: Copied "../../../Samples/StarterContent/Content/StarterContent/Architecture/Wall_Door_400x400.uasset" to "../../../../../../unreal/MyProject6/Content/StarterContent/Architecture/Wall_Door_400x400.uasset"
[2020.04.23-21.24.49:092][  0]LogPackFactory: Copied "../../../Samples/StarterContent/Content/StarterContent/Architecture/Wall_Window_400x300.uasset" to "../../../../../../unreal/MyProject6/Content/StarterContent/Architecture/Wall_Window_400x300.uasset"
[2020.04.23-21.24.49:112][  0]LogPackFactory: Copied "../../../Samples/StarterContent/Content/StarterContent/Architecture/Wall_Window_400x400.uasset" to "../../../../../../unreal/MyProject6/Content/StarterContent/Architecture/Wall_Window_400x400.uasset"
[2020.04.23-21.24.49:137][  0]LogPackFactory: Copied "../../../Samples/StarterContent/Content/StarterContent/Audio/Collapse01.uasset" to "../../../../../../unreal/MyProject6/Content/StarterContent/Audio/Collapse01.uasset"
[2020.04.23-21.24.49:179][  0]LogPackFactory: Copied "../../../Samples/StarterContent/Content/StarterContent/Audio/Collapse02.uasset" to "../../../../../../unreal/MyProject6/Content/StarterContent/Audio/Collapse02.uasset"
[2020.04.23-21.24.49:215][  0]LogPackFactory: Copied "../../../Samples/StarterContent/Content/StarterContent/Audio/Collapse_Cue.uasset" to "../../../../../../unreal/MyProject6/Content/StarterContent/Audio/Collapse_Cue.uasset"
[2020.04.23-21.24.49:260][  0]LogPackFactory: Copied "../../../Samples/StarterContent/Content/StarterContent/Audio/Explosion01.uasset" to "../../../../../../unreal/MyProject6/Content/StarterContent/Audio/Explosion01.uasset"
[2020.04.23-21.24.49:302][  0]LogPackFactory: Copied "../../../Samples/StarterContent/Content/StarterContent/Audio/Explosion02.uasset" to "../../../../../../unreal/MyProject6/Content/StarterContent/Audio/Explosion02.uasset"
[2020.04.23-21.24.49:356][  0]LogPackFactory: Copied "../../../Samples/StarterContent/Content/StarterContent/Audio/Explosion_Cue.uasset" to "../../../../../../unreal/MyProject6/Content/StarterContent/Audio/Explosion_Cue.uasset"
[2020.04.23-21.24.49:403][  0]LogPackFactory: Copied "../../../Samples/StarterContent/Content/StarterContent/Audio/Fire01.uasset" to "../../../../../../unreal/MyProject6/Content/StarterContent/Audio/Fire01.uasset"
[2020.04.23-21.24.49:449][  0]LogPackFactory: Copied "../../../Samples/StarterContent/Content/StarterContent/Audio/Fire01_Cue.uasset" to "../../../../../../unreal/MyProject6/Content/StarterContent/Audio/Fire01_Cue.uasset"
[2020.04.23-21.24.49:496][  0]LogPackFactory: Copied "../../../Samples/StarterContent/Content/StarterContent/Audio/Fire_Sparks01.uasset" to "../../../../../../unreal/MyProject6/Content/StarterContent/Audio/Fire_Sparks01.uasset"
[2020.04.23-21.24.49:548][  0]LogPackFactory: Copied "../../../Samples/StarterContent/Content/StarterContent/Audio/Fire_Sparks01_Cue.uasset" to "../../../../../../unreal/MyProject6/Content/StarterContent/Audio/Fire_Sparks01_Cue.uasset"
[2020.04.23-21.24.49:587][  0]LogPackFactory: Copied "../../../Samples/StarterContent/Content/StarterContent/Audio/Light01.uasset" to "../../../../../../unreal/MyProject6/Content/StarterContent/Audio/Light01.uasset"
[2020.04.23-21.24.49:624][  0]LogPackFactory: Copied "../../../Samples/StarterContent/Content/StarterContent/Audio/Light01_Cue.uasset" to "../../../../../../unreal/MyProject6/Content/StarterContent/Audio/Light01_Cue.uasset"
[2020.04.23-21.24.49:662][  0]LogPackFactory: Copied "../../../Samples/StarterContent/Content/StarterContent/Audio/Light02.uasset" to "../../../../../../unreal/MyProject6/Content/StarterContent/Audio/Light02.uasset"
[2020.04.23-21.24.49:832][  0]LogPackFactory: Copied "../../../Samples/StarterContent/Content/StarterContent/Audio/Light02_Cue.uasset" to "../../../../../../unreal/MyProject6/Content/StarterContent/Audio/Light02_Cue.uasset"
[2020.04.23-21.24.50:061][  0]LogPackFactory: Copied "../../../Samples/StarterContent/Content/StarterContent/Audio/Smoke01.uasset" to "../../../../../../unreal/MyProject6/Content/StarterContent/Audio/Smoke01.uasset"
[2020.04.23-21.24.50:079][  0]LogPackFactory: Copied "../../../Samples/StarterContent/Content/StarterContent/Audio/Smoke01_Cue.uasset" to "../../../../../../unreal/MyProject6/Content/StarterContent/Audio/Smoke01_Cue.uasset"
[2020.04.23-21.24.50:098][  0]LogPackFactory: Copied "../../../Samples/StarterContent/Content/StarterContent/Audio/Starter_Background_Cue.uasset" to "../../../../../../unreal/MyProject6/Content/StarterContent/Audio/Starter_Background_Cue.uasset"
[2020.04.23-21.24.50:159][  0]LogPackFactory: Copied "../../../Samples/StarterContent/Content/StarterContent/Audio/Starter_Birds01.uasset" to "../../../../../../unreal/MyProject6/Content/StarterContent/Audio/Starter_Birds01.uasset"
[2020.04.23-21.24.50:260][  0]LogPackFactory: Copied "../../../Samples/StarterContent/Content/StarterContent/Audio/Starter_Music01.uasset" to "../../../../../../unreal/MyProject6/Content/StarterContent/Audio/Starter_Music01.uasset"
[2020.04.23-21.24.50:285][  0]LogPackFactory: Copied "../../../Samples/StarterContent/Content/StarterContent/Audio/Starter_Music_Cue.uasset" to "../../../../../../unreal/MyProject6/Content/StarterContent/Audio/Starter_Music_Cue.uasset"
[2020.04.23-21.24.50:327][  0]LogPackFactory: Copied "../../../Samples/StarterContent/Content/StarterContent/Audio/Starter_Wind05.uasset" to "../../../../../../unreal/MyProject6/Content/StarterContent/Audio/Starter_Wind05.uasset"
[2020.04.23-21.24.50:368][  0]LogPackFactory: Copied "../../../Samples/StarterContent/Content/StarterContent/Audio/Starter_Wind06.uasset" to "../../../../../../unreal/MyProject6/Content/StarterContent/Audio/Starter_Wind06.uasset"
[2020.04.23-21.24.50:393][  0]LogPackFactory: Copied "../../../Samples/StarterContent/Content/StarterContent/Audio/Steam01.uasset" to "../../../../../../unreal/MyProject6/Content/StarterContent/Audio/Steam01.uasset"
[2020.04.23-21.24.50:404][  0]LogPackFactory: Copied "../../../Samples/StarterContent/Content/StarterContent/Audio/Steam01_Cue.uasset" to "../../../../../../unreal/MyProject6/Content/StarterContent/Audio/Steam01_Cue.uasset"
[2020.04.23-21.24.50:424][  0]LogPackFactory: Copied "../../../Samples/StarterContent/Content/StarterContent/Blueprints/Blueprint_CeilingLight.uasset" to "../../../../../../unreal/MyProject6/Content/StarterContent/Blueprints/Blueprint_CeilingLight.uasset"
[2020.04.23-21.24.50:443][  0]LogPackFactory: Copied "../../../Samples/StarterContent/Content/StarterContent/Blueprints/Blueprint_Effect_Explosion.uasset" to "../../../../../../unreal/MyProject6/Content/StarterContent/Blueprints/Blueprint_Effect_Explosion.uasset"
[2020.04.23-21.24.50:470][  0]LogPackFactory: Copied "../../../Samples/StarterContent/Content/StarterContent/Blueprints/Blueprint_Effect_Fire.uasset" to "../../../../../../unreal/MyProject6/Content/StarterContent/Blueprints/Blueprint_Effect_Fire.uasset"
[2020.04.23-21.24.50:491][  0]LogPackFactory: Copied "../../../Samples/StarterContent/Content/StarterContent/Blueprints/Blueprint_Effect_Smoke.uasset" to "../../../../../../unreal/MyProject6/Content/StarterContent/Blueprints/Blueprint_Effect_Smoke.uasset"
[2020.04.23-21.24.50:503][  0]LogPackFactory: Copied "../../../Samples/StarterContent/Content/StarterContent/Blueprints/Blueprint_Effect_Sparks.uasset" to "../../../../../../unreal/MyProject6/Content/StarterContent/Blueprints/Blueprint_Effect_Sparks.uasset"
[2020.04.23-21.24.50:518][  0]LogPackFactory: Copied "../../../Samples/StarterContent/Content/StarterContent/Blueprints/Blueprint_Effect_Steam.uasset" to "../../../../../../unreal/MyProject6/Content/StarterContent/Blueprints/Blueprint_Effect_Steam.uasset"
[2020.04.23-21.24.50:553][  0]LogPackFactory: Copied "../../../Samples/StarterContent/Content/StarterContent/Blueprints/Blueprint_WallSconce.uasset" to "../../../../../../unreal/MyProject6/Content/StarterContent/Blueprints/Blueprint_WallSconce.uasset"
[2020.04.23-21.24.50:583][  0]LogPackFactory: Copied "../../../Samples/StarterContent/Content/StarterContent/Blueprints/BP_LightStudio.uasset" to "../../../../../../unreal/MyProject6/Content/StarterContent/Blueprints/BP_LightStudio.uasset"
[2020.04.23-21.24.50:599][  0]LogPackFactory: Copied "../../../Samples/StarterContent/Content/StarterContent/Blueprints/Assets/FogBrightnessLUT.uasset" to "../../../../../../unreal/MyProject6/Content/StarterContent/Blueprints/Assets/FogBrightnessLUT.uasset"
[2020.04.23-21.24.50:621][  0]LogPackFactory: Copied "../../../Samples/StarterContent/Content/StarterContent/Blueprints/Assets/M_LightStage_Arrows.uasset" to "../../../../../../unreal/MyProject6/Content/StarterContent/Blueprints/Assets/M_LightStage_Arrows.uasset"
[2020.04.23-21.24.50:649][  0]LogPackFactory: Copied "../../../Samples/StarterContent/Content/StarterContent/Blueprints/Assets/M_LightStage_Skybox_Black.uasset" to "../../../../../../unreal/MyProject6/Content/StarterContent/Blueprints/Assets/M_LightStage_Skybox_Black.uasset"
[2020.04.23-21.24.50:681][  0]LogPackFactory: Copied "../../../Samples/StarterContent/Content/StarterContent/Blueprints/Assets/M_LightStage_Skybox_HDRI.uasset" to "../../../../../../unreal/MyProject6/Content/StarterContent/Blueprints/Assets/M_LightStage_Skybox_HDRI.uasset"
[2020.04.23-21.24.50:699][  0]LogPackFactory: Copied "../../../Samples/StarterContent/Content/StarterContent/Blueprints/Assets/M_LightStage_Skybox_Master.uasset" to "../../../../../../unreal/MyProject6/Content/StarterContent/Blueprints/Assets/M_LightStage_Skybox_Master.uasset"
[2020.04.23-21.24.50:727][  0]LogPackFactory: Copied "../../../Samples/StarterContent/Content/StarterContent/Blueprints/Assets/Skybox.uasset" to "../../../../../../unreal/MyProject6/Content/StarterContent/Blueprints/Assets/Skybox.uasset"
[2020.04.23-21.24.50:765][  0]LogPackFactory: Copied "../../../Samples/StarterContent/Content/StarterContent/Blueprints/Assets/SM_Arrows.uasset" to "../../../../../../unreal/MyProject6/Content/StarterContent/Blueprints/Assets/SM_Arrows.uasset"
[2020.04.23-21.24.50:776][  0]LogPackFactory: Copied "../../../Samples/StarterContent/Content/StarterContent/Blueprints/Assets/SunlightColorLUT.uasset" to "../../../../../../unreal/MyProject6/Content/StarterContent/Blueprints/Assets/SunlightColorLUT.uasset"
[2020.04.23-21.24.53:030][  0]LogPackFactory: Copied "../../../Samples/StarterContent/Content/StarterContent/HDRI/HDRI_Epic_Courtyard_Daylight.uasset" to "../../../../../../unreal/MyProject6/Content/StarterContent/HDRI/HDRI_Epic_Courtyard_Daylight.uasset"
[2020.04.23-21.24.53:081][  0]LogPackFactory: Copied "../../../Samples/StarterContent/Content/StarterContent/Maps/Advanced_Lighting.umap" to "../../../../../../unreal/MyProject6/Content/StarterContent/Maps/Advanced_Lighting.umap"
[2020.04.23-21.24.53:120][  0]LogPackFactory: Copied "../../../Samples/StarterContent/Content/StarterContent/Maps/Advanced_Lighting_BuiltData.uasset" to "../../../../../../unreal/MyProject6/Content/StarterContent/Maps/Advanced_Lighting_BuiltData.uasset"
[2020.04.23-21.24.53:167][  0]LogPackFactory: Copied "../../../Samples/StarterContent/Content/StarterContent/Maps/Minimal_Default.umap" to "../../../../../../unreal/MyProject6/Content/StarterContent/Maps/Minimal_Default.umap"
[2020.04.23-21.24.53:214][  0]LogPackFactory: Copied "../../../Samples/StarterContent/Content/StarterContent/Maps/Minimal_Default_BuiltData.uasset" to "../../../../../../unreal/MyProject6/Content/StarterContent/Maps/Minimal_Default_BuiltData.uasset"
[2020.04.23-21.24.53:254][  0]LogPackFactory: Copied "../../../Samples/StarterContent/Content/StarterContent/Maps/StarterMap.umap" to "../../../../../../unreal/MyProject6/Content/StarterContent/Maps/StarterMap.umap"
[2020.04.23-21.24.55:993][  0]LogPackFactory: Copied "../../../Samples/StarterContent/Content/StarterContent/Maps/StarterMap_BuiltData.uasset" to "../../../../../../unreal/MyProject6/Content/StarterContent/Maps/StarterMap_BuiltData.uasset"
[2020.04.23-21.24.56:030][  0]LogPackFactory: Copied "../../../Samples/StarterContent/Content/StarterContent/Materials/M_AssetPlatform.uasset" to "../../../../../../unreal/MyProject6/Content/StarterContent/Materials/M_AssetPlatform.uasset"
[2020.04.23-21.24.56:116][  0]LogPackFactory: Copied "../../../Samples/StarterContent/Content/StarterContent/Materials/M_Basic_Floor.uasset" to "../../../../../../unreal/MyProject6/Content/StarterContent/Materials/M_Basic_Floor.uasset"
[2020.04.23-21.24.56:155][  0]LogPackFactory: Copied "../../../Samples/StarterContent/Content/StarterContent/Materials/M_Basic_Wall.uasset" to "../../../../../../unreal/MyProject6/Content/StarterContent/Materials/M_Basic_Wall.uasset"
[2020.04.23-21.24.56:183][  0]LogPackFactory: Copied "../../../Samples/StarterContent/Content/StarterContent/Materials/M_Brick_Clay_Beveled.uasset" to "../../../../../../unreal/MyProject6/Content/StarterContent/Materials/M_Brick_Clay_Beveled.uasset"
[2020.04.23-21.24.56:205][  0]LogPackFactory: Copied "../../../Samples/StarterContent/Content/StarterContent/Materials/M_Brick_Clay_New.uasset" to "../../../../../../unreal/MyProject6/Content/StarterContent/Materials/M_Brick_Clay_New.uasset"
[2020.04.23-21.24.56:228][  0]LogPackFactory: Copied "../../../Samples/StarterContent/Content/StarterContent/Materials/M_Brick_Clay_Old.uasset" to "../../../../../../unreal/MyProject6/Content/StarterContent/Materials/M_Brick_Clay_Old.uasset"
[2020.04.23-21.24.56:250][  0]LogPackFactory: Copied "../../../Samples/StarterContent/Content/StarterContent/Materials/M_Brick_Cut_Stone.uasset" to "../../../../../../unreal/MyProject6/Content/StarterContent/Materials/M_Brick_Cut_Stone.uasset"
[2020.04.23-21.24.56:278][  0]LogPackFactory: Copied "../../../Samples/StarterContent/Content/StarterContent/Materials/M_Brick_Hewn_Stone.uasset" to "../../../../../../unreal/MyProject6/Content/StarterContent/Materials/M_Brick_Hewn_Stone.uasset"
[2020.04.23-21.24.56:313][  0]LogPackFactory: Copied "../../../Samples/StarterContent/Content/StarterContent/Materials/M_Ceramic_Tile_Checker.uasset" to "../../../../../../unreal/MyProject6/Content/StarterContent/Materials/M_Ceramic_Tile_Checker.uasset"
[2020.04.23-21.24.56:357][  0]LogPackFactory: Copied "../../../Samples/StarterContent/Content/StarterContent/Materials/M_CobbleStone_Pebble.uasset" to "../../../../../../unreal/MyProject6/Content/StarterContent/Materials/M_CobbleStone_Pebble.uasset"
[2020.04.23-21.24.56:382][  0]LogPackFactory: Copied "../../../Samples/StarterContent/Content/StarterContent/Materials/M_CobbleStone_Rough.uasset" to "../../../../../../unreal/MyProject6/Content/StarterContent/Materials/M_CobbleStone_Rough.uasset"
[2020.04.23-21.24.56:414][  0]LogPackFactory: Copied "../../../Samples/StarterContent/Content/StarterContent/Materials/M_CobbleStone_Smooth.uasset" to "../../../../../../unreal/MyProject6/Content/StarterContent/Materials/M_CobbleStone_Smooth.uasset"
[2020.04.23-21.24.56:497][  0]LogPackFactory: Copied "../../../Samples/StarterContent/Content/StarterContent/Materials/M_ColorGrid_LowSpec.uasset" to "../../../../../../unreal/MyProject6/Content/StarterContent/Materials/M_ColorGrid_LowSpec.uasset"
[2020.04.23-21.24.56:530][  0]LogPackFactory: Copied "../../../Samples/StarterContent/Content/StarterContent/Materials/M_Concrete_Grime.uasset" to "../../../../../../unreal/MyProject6/Content/StarterContent/Materials/M_Concrete_Grime.uasset"
[2020.04.23-21.24.56:747][  0]LogPackFactory: Copied "../../../Samples/StarterContent/Content/StarterContent/Materials/M_Concrete_Panels.uasset" to "../../../../../../unreal/MyProject6/Content/StarterContent/Materials/M_Concrete_Panels.uasset"
[2020.04.23-21.24.56:860][  0]LogPackFactory: Copied "../../../Samples/StarterContent/Content/StarterContent/Materials/M_Concrete_Poured.uasset" to "../../../../../../unreal/MyProject6/Content/StarterContent/Materials/M_Concrete_Poured.uasset"
[2020.04.23-21.24.56:990][  0]LogPackFactory: Copied "../../../Samples/StarterContent/Content/StarterContent/Materials/M_Concrete_Tiles.uasset" to "../../../../../../unreal/MyProject6/Content/StarterContent/Materials/M_Concrete_Tiles.uasset"
[2020.04.23-21.24.57:028][  0]LogPackFactory: Copied "../../../Samples/StarterContent/Content/StarterContent/Materials/M_Glass.uasset" to "../../../../../../unreal/MyProject6/Content/StarterContent/Materials/M_Glass.uasset"
[2020.04.23-21.24.57:065][  0]LogPackFactory: Copied "../../../Samples/StarterContent/Content/StarterContent/Materials/M_Ground_Grass.uasset" to "../../../../../../unreal/MyProject6/Content/StarterContent/Materials/M_Ground_Grass.uasset"
[2020.04.23-21.24.57:083][  0]LogPackFactory: Copied "../../../Samples/StarterContent/Content/StarterContent/Materials/M_Ground_Gravel.uasset" to "../../../../../../unreal/MyProject6/Content/StarterContent/Materials/M_Ground_Gravel.uasset"
[2020.04.23-21.24.57:123][  0]LogPackFactory: Copied "../../../Samples/StarterContent/Content/StarterContent/Materials/M_Ground_Moss.uasset" to "../../../../../../unreal/MyProject6/Content/StarterContent/Materials/M_Ground_Moss.uasset"
[2020.04.23-21.24.57:150][  0]LogPackFactory: Copied "../../../Samples/StarterContent/Content/StarterContent/Materials/M_Metal_Brushed_Nickel.uasset" to "../../../../../../unreal/MyProject6/Content/StarterContent/Materials/M_Metal_Brushed_Nickel.uasset"
[2020.04.23-21.24.57:181][  0]LogPackFactory: Copied "../../../Samples/StarterContent/Content/StarterContent/Materials/M_Metal_Burnished_Steel.uasset" to "../../../../../../unreal/MyProject6/Content/StarterContent/Materials/M_Metal_Burnished_Steel.uasset"
[2020.04.23-21.24.57:219][  0]LogPackFactory: Copied "../../../Samples/StarterContent/Content/StarterContent/Materials/M_Metal_Chrome.uasset" to "../../../../../../unreal/MyProject6/Content/StarterContent/Materials/M_Metal_Chrome.uasset"
[2020.04.23-21.24.57:238][  0]LogPackFactory: Copied "../../../Samples/StarterContent/Content/StarterContent/Materials/M_Metal_Copper.uasset" to "../../../../../../unreal/MyProject6/Content/StarterContent/Materials/M_Metal_Copper.uasset"
[2020.04.23-21.24.57:285][  0]LogPackFactory: Copied "../../../Samples/StarterContent/Content/StarterContent/Materials/M_Metal_Gold.uasset" to "../../../../../../unreal/MyProject6/Content/StarterContent/Materials/M_Metal_Gold.uasset"
[2020.04.23-21.24.57:306][  0]LogPackFactory: Copied "../../../Samples/StarterContent/Content/StarterContent/Materials/M_Metal_Rust.uasset" to "../../../../../../unreal/MyProject6/Content/StarterContent/Materials/M_Metal_Rust.uasset"
[2020.04.23-21.24.57:325][  0]LogPackFactory: Copied "../../../Samples/StarterContent/Content/StarterContent/Materials/M_Metal_Steel.uasset" to "../../../../../../unreal/MyProject6/Content/StarterContent/Materials/M_Metal_Steel.uasset"
[2020.04.23-21.24.57:346][  0]LogPackFactory: Copied "../../../Samples/StarterContent/Content/StarterContent/Materials/M_Rock_Basalt.uasset" to "../../../../../../unreal/MyProject6/Content/StarterContent/Materials/M_Rock_Basalt.uasset"
[2020.04.23-21.24.57:376][  0]LogPackFactory: Copied "../../../Samples/StarterContent/Content/StarterContent/Materials/M_Rock_Marble_Polished.uasset" to "../../../../../../unreal/MyProject6/Content/StarterContent/Materials/M_Rock_Marble_Polished.uasset"
[2020.04.23-21.24.57:408][  0]LogPackFactory: Copied "../../../Samples/StarterContent/Content/StarterContent/Materials/M_Rock_Sandstone.uasset" to "../../../../../../unreal/MyProject6/Content/StarterContent/Materials/M_Rock_Sandstone.uasset"
[2020.04.23-21.24.57:420][  0]LogPackFactory: Copied "../../../Samples/StarterContent/Content/StarterContent/Materials/M_Rock_Slate.uasset" to "../../../../../../unreal/MyProject6/Content/StarterContent/Materials/M_Rock_Slate.uasset"
[2020.04.23-21.24.57:441][  0]LogPackFactory: Copied "../../../Samples/StarterContent/Content/StarterContent/Materials/M_Tech_Checker_Dot.uasset" to "../../../../../../unreal/MyProject6/Content/StarterContent/Materials/M_Tech_Checker_Dot.uasset"
[2020.04.23-21.24.57:463][  0]LogPackFactory: Copied "../../../Samples/StarterContent/Content/StarterContent/Materials/M_Tech_Hex_Tile.uasset" to "../../../../../../unreal/MyProject6/Content/StarterContent/Materials/M_Tech_Hex_Tile.uasset"
[2020.04.23-21.24.57:482][  0]LogPackFactory: Copied "../../../Samples/StarterContent/Content/StarterContent/Materials/M_Tech_Hex_Tile_Pulse.uasset" to "../../../../../../unreal/MyProject6/Content/StarterContent/Materials/M_Tech_Hex_Tile_Pulse.uasset"
[2020.04.23-21.24.57:507][  0]LogPackFactory: Copied "../../../Samples/StarterContent/Content/StarterContent/Materials/M_Tech_Panel.uasset" to "../../../../../../unreal/MyProject6/Content/StarterContent/Materials/M_Tech_Panel.uasset"
[2020.04.23-21.24.57:520][  0]LogPackFactory: Copied "../../../Samples/StarterContent/Content/StarterContent/Materials/M_Water_Lake.uasset" to "../../../../../../unreal/MyProject6/Content/StarterContent/Materials/M_Water_Lake.uasset"
[2020.04.23-21.24.57:563][  0]LogPackFactory: Copied "../../../Samples/StarterContent/Content/StarterContent/Materials/M_Water_Ocean.uasset" to "../../../../../../unreal/MyProject6/Content/StarterContent/Materials/M_Water_Ocean.uasset"
[2020.04.23-21.24.57:599][  0]LogPackFactory: Copied "../../../Samples/StarterContent/Content/StarterContent/Materials/M_Wood_Floor_Walnut_Polished.uasset" to "../../../../../../unreal/MyProject6/Content/StarterContent/Materials/M_Wood_Floor_Walnut_Polished.uasset"
[2020.04.23-21.24.57:630][  0]LogPackFactory: Copied "../../../Samples/StarterContent/Content/StarterContent/Materials/M_Wood_Floor_Walnut_Worn.uasset" to "../../../../../../unreal/MyProject6/Content/StarterContent/Materials/M_Wood_Floor_Walnut_Worn.uasset"
[2020.04.23-21.24.57:644][  0]LogPackFactory: Copied "../../../Samples/StarterContent/Content/StarterContent/Materials/M_Wood_Oak.uasset" to "../../../../../../unreal/MyProject6/Content/StarterContent/Materials/M_Wood_Oak.uasset"
[2020.04.23-21.24.57:681][  0]LogPackFactory: Copied "../../../Samples/StarterContent/Content/StarterContent/Materials/M_Wood_Pine.uasset" to "../../../../../../unreal/MyProject6/Content/StarterContent/Materials/M_Wood_Pine.uasset"
[2020.04.23-21.24.57:693][  0]LogPackFactory: Copied "../../../Samples/StarterContent/Content/StarterContent/Materials/M_Wood_Walnut.uasset" to "../../../../../../unreal/MyProject6/Content/StarterContent/Materials/M_Wood_Walnut.uasset"
[2020.04.23-21.24.57:745][  0]LogPackFactory: Copied "../../../Samples/StarterContent/Content/StarterContent/Particles/P_Ambient_Dust.uasset" to "../../../../../../unreal/MyProject6/Content/StarterContent/Particles/P_Ambient_Dust.uasset"
[2020.04.23-21.24.57:778][  0]LogPackFactory: Copied "../../../Samples/StarterContent/Content/StarterContent/Particles/P_Explosion.uasset" to "../../../../../../unreal/MyProject6/Content/StarterContent/Particles/P_Explosion.uasset"
[2020.04.23-21.24.57:817][  0]LogPackFactory: Copied "../../../Samples/StarterContent/Content/StarterContent/Particles/P_Fire.uasset" to "../../../../../../unreal/MyProject6/Content/StarterContent/Particles/P_Fire.uasset"
[2020.04.23-21.24.57:866][  0]LogPackFactory: Copied "../../../Samples/StarterContent/Content/StarterContent/Particles/P_Smoke.uasset" to "../../../../../../unreal/MyProject6/Content/StarterContent/Particles/P_Smoke.uasset"
[2020.04.23-21.24.57:889][  0]LogPackFactory: Copied "../../../Samples/StarterContent/Content/StarterContent/Particles/P_Sparks.uasset" to "../../../../../../unreal/MyProject6/Content/StarterContent/Particles/P_Sparks.uasset"
[2020.04.23-21.24.58:096][  0]LogPackFactory: Copied "../../../Samples/StarterContent/Content/StarterContent/Particles/P_Steam_Lit.uasset" to "../../../../../../unreal/MyProject6/Content/StarterContent/Particles/P_Steam_Lit.uasset"
[2020.04.23-21.24.58:272][  0]LogPackFactory: Copied "../../../Samples/StarterContent/Content/StarterContent/Particles/Materials/M_Burst.uasset" to "../../../../../../unreal/MyProject6/Content/StarterContent/Particles/Materials/M_Burst.uasset"
[2020.04.23-21.24.58:314][  0]LogPackFactory: Copied "../../../Samples/StarterContent/Content/StarterContent/Particles/Materials/M_Dust_Particle.uasset" to "../../../../../../unreal/MyProject6/Content/StarterContent/Particles/Materials/M_Dust_Particle.uasset"
[2020.04.23-21.24.58:360][  0]LogPackFactory: Copied "../../../Samples/StarterContent/Content/StarterContent/Particles/Materials/M_explosion_subUV.uasset" to "../../../../../../unreal/MyProject6/Content/StarterContent/Particles/Materials/M_explosion_subUV.uasset"
[2020.04.23-21.24.58:385][  0]LogPackFactory: Copied "../../../Samples/StarterContent/Content/StarterContent/Particles/Materials/M_Fire_SubUV.uasset" to "../../../../../../unreal/MyProject6/Content/StarterContent/Particles/Materials/M_Fire_SubUV.uasset"
[2020.04.23-21.24.58:447][  0]LogPackFactory: Copied "../../../Samples/StarterContent/Content/StarterContent/Particles/Materials/m_flare_01.uasset" to "../../../../../../unreal/MyProject6/Content/StarterContent/Particles/Materials/m_flare_01.uasset"
[2020.04.23-21.24.58:489][  0]LogPackFactory: Copied "../../../Samples/StarterContent/Content/StarterContent/Particles/Materials/M_Heat_Distortion.uasset" to "../../../../../../unreal/MyProject6/Content/StarterContent/Particles/Materials/M_Heat_Distortion.uasset"
[2020.04.23-21.24.58:523][  0]LogPackFactory: Copied "../../../Samples/StarterContent/Content/StarterContent/Particles/Materials/M_Radial_Gradient.uasset" to "../../../../../../unreal/MyProject6/Content/StarterContent/Particles/Materials/M_Radial_Gradient.uasset"
[2020.04.23-21.24.58:556][  0]LogPackFactory: Copied "../../../Samples/StarterContent/Content/StarterContent/Particles/Materials/M_radial_ramp.uasset" to "../../../../../../unreal/MyProject6/Content/StarterContent/Particles/Materials/M_radial_ramp.uasset"
[2020.04.23-21.24.58:583][  0]LogPackFactory: Copied "../../../Samples/StarterContent/Content/StarterContent/Particles/Materials/M_smoke_subUV.uasset" to "../../../../../../unreal/MyProject6/Content/StarterContent/Particles/Materials/M_smoke_subUV.uasset"
[2020.04.23-21.24.58:615][  0]LogPackFactory: Copied "../../../Samples/StarterContent/Content/StarterContent/Particles/Materials/M_Spark.uasset" to "../../../../../../unreal/MyProject6/Content/StarterContent/Particles/Materials/M_Spark.uasset"
[2020.04.23-21.24.58:666][  0]LogPackFactory: Copied "../../../Samples/StarterContent/Content/StarterContent/Props/MaterialSphere.uasset" to "../../../../../../unreal/MyProject6/Content/StarterContent/Props/MaterialSphere.uasset"
[2020.04.23-21.24.58:701][  0]LogPackFactory: Copied "../../../Samples/StarterContent/Content/StarterContent/Props/SM_Bush.uasset" to "../../../../../../unreal/MyProject6/Content/StarterContent/Props/SM_Bush.uasset"
[2020.04.23-21.24.58:746][  0]LogPackFactory: Copied "../../../Samples/StarterContent/Content/StarterContent/Props/SM_Chair.uasset" to "../../../../../../unreal/MyProject6/Content/StarterContent/Props/SM_Chair.uasset"
[2020.04.23-21.24.58:769][  0]LogPackFactory: Copied "../../../Samples/StarterContent/Content/StarterContent/Props/SM_CornerFrame.uasset" to "../../../../../../unreal/MyProject6/Content/StarterContent/Props/SM_CornerFrame.uasset"
[2020.04.23-21.24.58:804][  0]LogPackFactory: Copied "../../../Samples/StarterContent/Content/StarterContent/Props/SM_Couch.uasset" to "../../../../../../unreal/MyProject6/Content/StarterContent/Props/SM_Couch.uasset"
[2020.04.23-21.24.58:821][  0]LogPackFactory: Copied "../../../Samples/StarterContent/Content/StarterContent/Props/SM_Door.uasset" to "../../../../../../unreal/MyProject6/Content/StarterContent/Props/SM_Door.uasset"
[2020.04.23-21.24.58:850][  0]LogPackFactory: Copied "../../../Samples/StarterContent/Content/StarterContent/Props/SM_DoorFrame.uasset" to "../../../../../../unreal/MyProject6/Content/StarterContent/Props/SM_DoorFrame.uasset"
[2020.04.23-21.24.58:878][  0]LogPackFactory: Copied "../../../Samples/StarterContent/Content/StarterContent/Props/SM_GlassWindow.uasset" to "../../../../../../unreal/MyProject6/Content/StarterContent/Props/SM_GlassWindow.uasset"
[2020.04.23-21.24.58:901][  0]LogPackFactory: Copied "../../../Samples/StarterContent/Content/StarterContent/Props/SM_Lamp_Ceiling.uasset" to "../../../../../../unreal/MyProject6/Content/StarterContent/Props/SM_Lamp_Ceiling.uasset"
[2020.04.23-21.24.58:942][  0]LogPackFactory: Copied "../../../Samples/StarterContent/Content/StarterContent/Props/SM_Lamp_Wall.uasset" to "../../../../../../unreal/MyProject6/Content/StarterContent/Props/SM_Lamp_Wall.uasset"
[2020.04.23-21.24.58:992][  0]LogPackFactory: Copied "../../../Samples/StarterContent/Content/StarterContent/Props/SM_MatPreviewMesh_02.uasset" to "../../../../../../unreal/MyProject6/Content/StarterContent/Props/SM_MatPreviewMesh_02.uasset"
[2020.04.23-21.24.59:012][  0]LogPackFactory: Copied "../../../Samples/StarterContent/Content/StarterContent/Props/SM_PillarFrame.uasset" to "../../../../../../unreal/MyProject6/Content/StarterContent/Props/SM_PillarFrame.uasset"
[2020.04.23-21.24.59:039][  0]LogPackFactory: Copied "../../../Samples/StarterContent/Content/StarterContent/Props/SM_PillarFrame300.uasset" to "../../../../../../unreal/MyProject6/Content/StarterContent/Props/SM_PillarFrame300.uasset"
[2020.04.23-21.24.59:074][  0]LogPackFactory: Copied "../../../Samples/StarterContent/Content/StarterContent/Props/SM_Rock.uasset" to "../../../../../../unreal/MyProject6/Content/StarterContent/Props/SM_Rock.uasset"
[2020.04.23-21.24.59:124][  0]LogPackFactory: Copied "../../../Samples/StarterContent/Content/StarterContent/Props/SM_Shelf.uasset" to "../../../../../../unreal/MyProject6/Content/StarterContent/Props/SM_Shelf.uasset"
[2020.04.23-21.24.59:138][  0]LogPackFactory: Copied "../../../Samples/StarterContent/Content/StarterContent/Props/SM_Stairs.uasset" to "../../../../../../unreal/MyProject6/Content/StarterContent/Props/SM_Stairs.uasset"
[2020.04.23-21.24.59:166][  0]LogPackFactory: Copied "../../../Samples/StarterContent/Content/StarterContent/Props/SM_Statue.uasset" to "../../../../../../unreal/MyProject6/Content/StarterContent/Props/SM_Statue.uasset"
[2020.04.23-21.24.59:222][  0]LogPackFactory: Copied "../../../Samples/StarterContent/Content/StarterContent/Props/SM_TableRound.uasset" to "../../../../../../unreal/MyProject6/Content/StarterContent/Props/SM_TableRound.uasset"
[2020.04.23-21.24.59:247][  0]LogPackFactory: Copied "../../../Samples/StarterContent/Content/StarterContent/Props/SM_WindowFrame.uasset" to "../../../../../../unreal/MyProject6/Content/StarterContent/Props/SM_WindowFrame.uasset"
[2020.04.23-21.24.59:371][  0]LogPackFactory: Copied "../../../Samples/StarterContent/Content/StarterContent/Props/Materials/M_Bush.uasset" to "../../../../../../unreal/MyProject6/Content/StarterContent/Props/Materials/M_Bush.uasset"
[2020.04.23-21.24.59:459][  0]LogPackFactory: Copied "../../../Samples/StarterContent/Content/StarterContent/Props/Materials/M_Chair.uasset" to "../../../../../../unreal/MyProject6/Content/StarterContent/Props/Materials/M_Chair.uasset"
[2020.04.23-21.24.59:522][  0]LogPackFactory: Copied "../../../Samples/StarterContent/Content/StarterContent/Props/Materials/M_Door.uasset" to "../../../../../../unreal/MyProject6/Content/StarterContent/Props/Materials/M_Door.uasset"
[2020.04.23-21.24.59:548][  0]LogPackFactory: Copied "../../../Samples/StarterContent/Content/StarterContent/Props/Materials/M_Frame.uasset" to "../../../../../../unreal/MyProject6/Content/StarterContent/Props/Materials/M_Frame.uasset"
[2020.04.23-21.24.59:572][  0]LogPackFactory: Copied "../../../Samples/StarterContent/Content/StarterContent/Props/Materials/M_Lamp.uasset" to "../../../../../../unreal/MyProject6/Content/StarterContent/Props/Materials/M_Lamp.uasset"
[2020.04.23-21.24.59:590][  0]LogPackFactory: Copied "../../../Samples/StarterContent/Content/StarterContent/Props/Materials/M_MaterialSphere.uasset" to "../../../../../../unreal/MyProject6/Content/StarterContent/Props/Materials/M_MaterialSphere.uasset"
[2020.04.23-21.24.59:636][  0]LogPackFactory: Copied "../../../Samples/StarterContent/Content/StarterContent/Props/Materials/M_MaterialSphere_Plain.uasset" to "../../../../../../unreal/MyProject6/Content/StarterContent/Props/Materials/M_MaterialSphere_Plain.uasset"
[2020.04.23-21.24.59:647][  0]LogPackFactory: Copied "../../../Samples/StarterContent/Content/StarterContent/Props/Materials/M_Rock.uasset" to "../../../../../../unreal/MyProject6/Content/StarterContent/Props/Materials/M_Rock.uasset"
[2020.04.23-21.24.59:660][  0]LogPackFactory: Copied "../../../Samples/StarterContent/Content/StarterContent/Props/Materials/M_Shelf.uasset" to "../../../../../../unreal/MyProject6/Content/StarterContent/Props/Materials/M_Shelf.uasset"
[2020.04.23-21.24.59:672][  0]LogPackFactory: Copied "../../../Samples/StarterContent/Content/StarterContent/Props/Materials/M_Statue.uasset" to "../../../../../../unreal/MyProject6/Content/StarterContent/Props/Materials/M_Statue.uasset"
[2020.04.23-21.24.59:697][  0]LogPackFactory: Copied "../../../Samples/StarterContent/Content/StarterContent/Props/Materials/M_StatueGlass.uasset" to "../../../../../../unreal/MyProject6/Content/StarterContent/Props/Materials/M_StatueGlass.uasset"
[2020.04.23-21.24.59:723][  0]LogPackFactory: Copied "../../../Samples/StarterContent/Content/StarterContent/Props/Materials/M_TableRound.uasset" to "../../../../../../unreal/MyProject6/Content/StarterContent/Props/Materials/M_TableRound.uasset"
[2020.04.23-21.24.59:746][  0]LogPackFactory: Copied "../../../Samples/StarterContent/Content/StarterContent/Shapes/Shape_Cone.uasset" to "../../../../../../unreal/MyProject6/Content/StarterContent/Shapes/Shape_Cone.uasset"
[2020.04.23-21.24.59:760][  0]LogPackFactory: Copied "../../../Samples/StarterContent/Content/StarterContent/Shapes/Shape_Cube.uasset" to "../../../../../../unreal/MyProject6/Content/StarterContent/Shapes/Shape_Cube.uasset"
[2020.04.23-21.24.59:792][  0]LogPackFactory: Copied "../../../Samples/StarterContent/Content/StarterContent/Shapes/Shape_Cylinder.uasset" to "../../../../../../unreal/MyProject6/Content/StarterContent/Shapes/Shape_Cylinder.uasset"
[2020.04.23-21.24.59:814][  0]LogPackFactory: Copied "../../../Samples/StarterContent/Content/StarterContent/Shapes/Shape_NarrowCapsule.uasset" to "../../../../../../unreal/MyProject6/Content/StarterContent/Shapes/Shape_NarrowCapsule.uasset"
[2020.04.23-21.24.59:826][  0]LogPackFactory: Copied "../../../Samples/StarterContent/Content/StarterContent/Shapes/Shape_Pipe.uasset" to "../../../../../../unreal/MyProject6/Content/StarterContent/Shapes/Shape_Pipe.uasset"
[2020.04.23-21.24.59:870][  0]LogPackFactory: Copied "../../../Samples/StarterContent/Content/StarterContent/Shapes/Shape_Pipe_180.uasset" to "../../../../../../unreal/MyProject6/Content/StarterContent/Shapes/Shape_Pipe_180.uasset"
[2020.04.23-21.24.59:895][  0]LogPackFactory: Copied "../../../Samples/StarterContent/Content/StarterContent/Shapes/Shape_Pipe_90.uasset" to "../../../../../../unreal/MyProject6/Content/StarterContent/Shapes/Shape_Pipe_90.uasset"
[2020.04.23-21.24.59:909][  0]LogPackFactory: Copied "../../../Samples/StarterContent/Content/StarterContent/Shapes/Shape_Plane.uasset" to "../../../../../../unreal/MyProject6/Content/StarterContent/Shapes/Shape_Plane.uasset"
[2020.04.23-21.24.59:935][  0]LogPackFactory: Copied "../../../Samples/StarterContent/Content/StarterContent/Shapes/Shape_QuadPyramid.uasset" to "../../../../../../unreal/MyProject6/Content/StarterContent/Shapes/Shape_QuadPyramid.uasset"
[2020.04.23-21.24.59:964][  0]LogPackFactory: Copied "../../../Samples/StarterContent/Content/StarterContent/Shapes/Shape_Sphere.uasset" to "../../../../../../unreal/MyProject6/Content/StarterContent/Shapes/Shape_Sphere.uasset"
[2020.04.23-21.24.59:988][  0]LogPackFactory: Copied "../../../Samples/StarterContent/Content/StarterContent/Shapes/Shape_Torus.uasset" to "../../../../../../unreal/MyProject6/Content/StarterContent/Shapes/Shape_Torus.uasset"
[2020.04.23-21.25.00:012][  0]LogPackFactory: Copied "../../../Samples/StarterContent/Content/StarterContent/Shapes/Shape_Trim.uasset" to "../../../../../../unreal/MyProject6/Content/StarterContent/Shapes/Shape_Trim.uasset"
[2020.04.23-21.25.00:024][  0]LogPackFactory: Copied "../../../Samples/StarterContent/Content/StarterContent/Shapes/Shape_Trim_90_In.uasset" to "../../../../../../unreal/MyProject6/Content/StarterContent/Shapes/Shape_Trim_90_In.uasset"
[2020.04.23-21.25.00:053][  0]LogPackFactory: Copied "../../../Samples/StarterContent/Content/StarterContent/Shapes/Shape_Trim_90_Out.uasset" to "../../../../../../unreal/MyProject6/Content/StarterContent/Shapes/Shape_Trim_90_Out.uasset"
[2020.04.23-21.25.00:076][  0]LogPackFactory: Copied "../../../Samples/StarterContent/Content/StarterContent/Shapes/Shape_TriPyramid.uasset" to "../../../../../../unreal/MyProject6/Content/StarterContent/Shapes/Shape_TriPyramid.uasset"
[2020.04.23-21.25.00:098][  0]LogPackFactory: Copied "../../../Samples/StarterContent/Content/StarterContent/Shapes/Shape_Tube.uasset" to "../../../../../../unreal/MyProject6/Content/StarterContent/Shapes/Shape_Tube.uasset"
[2020.04.23-21.25.00:110][  0]LogPackFactory: Copied "../../../Samples/StarterContent/Content/StarterContent/Shapes/Shape_Wedge_A.uasset" to "../../../../../../unreal/MyProject6/Content/StarterContent/Shapes/Shape_Wedge_A.uasset"
[2020.04.23-21.25.00:123][  0]LogPackFactory: Copied "../../../Samples/StarterContent/Content/StarterContent/Shapes/Shape_Wedge_B.uasset" to "../../../../../../unreal/MyProject6/Content/StarterContent/Shapes/Shape_Wedge_B.uasset"
[2020.04.23-21.25.00:155][  0]LogPackFactory: Copied "../../../Samples/StarterContent/Content/StarterContent/Shapes/Shape_WideCapsule.uasset" to "../../../../../../unreal/MyProject6/Content/StarterContent/Shapes/Shape_WideCapsule.uasset"
[2020.04.23-21.25.00:244][  0]LogPackFactory: Copied "../../../Samples/StarterContent/Content/StarterContent/Textures/T_Brick_Clay_Beveled_D.uasset" to "../../../../../../unreal/MyProject6/Content/StarterContent/Textures/T_Brick_Clay_Beveled_D.uasset"
[2020.04.23-21.25.00:333][  0]LogPackFactory: Copied "../../../Samples/StarterContent/Content/StarterContent/Textures/T_Brick_Clay_Beveled_M.uasset" to "../../../../../../unreal/MyProject6/Content/StarterContent/Textures/T_Brick_Clay_Beveled_M.uasset"
[2020.04.23-21.25.00:490][  0]LogPackFactory: Copied "../../../Samples/StarterContent/Content/StarterContent/Textures/T_Brick_Clay_Beveled_N.uasset" to "../../../../../../unreal/MyProject6/Content/StarterContent/Textures/T_Brick_Clay_Beveled_N.uasset"
[2020.04.23-21.25.00:561][  0]LogPackFactory: Copied "../../../Samples/StarterContent/Content/StarterContent/Textures/T_Brick_Clay_New_D.uasset" to "../../../../../../unreal/MyProject6/Content/StarterContent/Textures/T_Brick_Clay_New_D.uasset"
[2020.04.23-21.25.00:663][  0]LogPackFactory: Copied "../../../Samples/StarterContent/Content/StarterContent/Textures/T_Brick_Clay_New_M.uasset" to "../../../../../../unreal/MyProject6/Content/StarterContent/Textures/T_Brick_Clay_New_M.uasset"
[2020.04.23-21.25.00:783][  0]LogPackFactory: Copied "../../../Samples/StarterContent/Content/StarterContent/Textures/T_Brick_Clay_New_N.uasset" to "../../../../../../unreal/MyProject6/Content/StarterContent/Textures/T_Brick_Clay_New_N.uasset"
[2020.04.23-21.25.01:027][  0]LogPackFactory: Copied "../../../Samples/StarterContent/Content/StarterContent/Textures/T_Brick_Clay_Old_D.uasset" to "../../../../../../unreal/MyProject6/Content/StarterContent/Textures/T_Brick_Clay_Old_D.uasset"
[2020.04.23-21.25.01:167][  0]LogPackFactory: Copied "../../../Samples/StarterContent/Content/StarterContent/Textures/T_Brick_Clay_Old_N.uasset" to "../../../../../../unreal/MyProject6/Content/StarterContent/Textures/T_Brick_Clay_Old_N.uasset"
[2020.04.23-21.25.01:303][  0]LogPackFactory: Copied "../../../Samples/StarterContent/Content/StarterContent/Textures/T_Brick_Cut_Stone_D.uasset" to "../../../../../../unreal/MyProject6/Content/StarterContent/Textures/T_Brick_Cut_Stone_D.uasset"
[2020.04.23-21.25.01:395][  0]LogPackFactory: Copied "../../../Samples/StarterContent/Content/StarterContent/Textures/T_Brick_Cut_Stone_N.uasset" to "../../../../../../unreal/MyProject6/Content/StarterContent/Textures/T_Brick_Cut_Stone_N.uasset"
[2020.04.23-21.25.01:502][  0]LogPackFactory: Copied "../../../Samples/StarterContent/Content/StarterContent/Textures/T_Brick_Hewn_Stone_D.uasset" to "../../../../../../unreal/MyProject6/Content/StarterContent/Textures/T_Brick_Hewn_Stone_D.uasset"
[2020.04.23-21.25.01:587][  0]LogPackFactory: Copied "../../../Samples/StarterContent/Content/StarterContent/Textures/T_Brick_Hewn_Stone_M.uasset" to "../../../../../../unreal/MyProject6/Content/StarterContent/Textures/T_Brick_Hewn_Stone_M.uasset"
[2020.04.23-21.25.01:687][  0]LogPackFactory: Copied "../../../Samples/StarterContent/Content/StarterContent/Textures/T_Brick_Hewn_Stone_N.uasset" to "../../../../../../unreal/MyProject6/Content/StarterContent/Textures/T_Brick_Hewn_Stone_N.uasset"
[2020.04.23-21.25.01:723][  0]LogPackFactory: Copied "../../../Samples/StarterContent/Content/StarterContent/Textures/T_Burst_M.uasset" to "../../../../../../unreal/MyProject6/Content/StarterContent/Textures/T_Burst_M.uasset"
[2020.04.23-21.25.01:763][  0]LogPackFactory: Copied "../../../Samples/StarterContent/Content/StarterContent/Textures/T_Bush_D.uasset" to "../../../../../../unreal/MyProject6/Content/StarterContent/Textures/T_Bush_D.uasset"
[2020.04.23-21.25.01:786][  0]LogPackFactory: Copied "../../../Samples/StarterContent/Content/StarterContent/Textures/T_Bush_N.uasset" to "../../../../../../unreal/MyProject6/Content/StarterContent/Textures/T_Bush_N.uasset"
[2020.04.23-21.25.01:821][  0]LogPackFactory: Copied "../../../Samples/StarterContent/Content/StarterContent/Textures/T_Ceramic_Tile_M.uasset" to "../../../../../../unreal/MyProject6/Content/StarterContent/Textures/T_Ceramic_Tile_M.uasset"
[2020.04.23-21.25.01:843][  0]LogPackFactory: Copied "../../../Samples/StarterContent/Content/StarterContent/Textures/T_Ceramic_Tile_N.uasset" to "../../../../../../unreal/MyProject6/Content/StarterContent/Textures/T_Ceramic_Tile_N.uasset"
[2020.04.23-21.25.01:869][  0]LogPackFactory: Copied "../../../Samples/StarterContent/Content/StarterContent/Textures/T_Chair_M.uasset" to "../../../../../../unreal/MyProject6/Content/StarterContent/Textures/T_Chair_M.uasset"
[2020.04.23-21.25.01:916][  0]LogPackFactory: Copied "../../../Samples/StarterContent/Content/StarterContent/Textures/T_Chair_N.uasset" to "../../../../../../unreal/MyProject6/Content/StarterContent/Textures/T_Chair_N.uasset"
[2020.04.23-21.25.01:938][  0]LogPackFactory: Copied "../../../Samples/StarterContent/Content/StarterContent/Textures/T_Checker_Noise_M.uasset" to "../../../../../../unreal/MyProject6/Content/StarterContent/Textures/T_Checker_Noise_M.uasset"
[2020.04.23-21.25.02:069][  0]LogPackFactory: Copied "../../../Samples/StarterContent/Content/StarterContent/Textures/T_CobbleStone_Pebble_D.uasset" to "../../../../../../unreal/MyProject6/Content/StarterContent/Textures/T_CobbleStone_Pebble_D.uasset"
[2020.04.23-21.25.02:127][  0]LogPackFactory: Copied "../../../Samples/StarterContent/Content/StarterContent/Textures/T_CobbleStone_Pebble_M.uasset" to "../../../../../../unreal/MyProject6/Content/StarterContent/Textures/T_CobbleStone_Pebble_M.uasset"
[2020.04.23-21.25.02:276][  0]LogPackFactory: Copied "../../../Samples/StarterContent/Content/StarterContent/Textures/T_CobbleStone_Pebble_N.uasset" to "../../../../../../unreal/MyProject6/Content/StarterContent/Textures/T_CobbleStone_Pebble_N.uasset"
[2020.04.23-21.25.02:377][  0]LogPackFactory: Copied "../../../Samples/StarterContent/Content/StarterContent/Textures/T_CobbleStone_Rough_D.uasset" to "../../../../../../unreal/MyProject6/Content/StarterContent/Textures/T_CobbleStone_Rough_D.uasset"
[2020.04.23-21.25.02:472][  0]LogPackFactory: Copied "../../../Samples/StarterContent/Content/StarterContent/Textures/T_CobbleStone_Rough_N.uasset" to "../../../../../../unreal/MyProject6/Content/StarterContent/Textures/T_CobbleStone_Rough_N.uasset"
[2020.04.23-21.25.02:616][  0]LogPackFactory: Copied "../../../Samples/StarterContent/Content/StarterContent/Textures/T_CobbleStone_Smooth_D.uasset" to "../../../../../../unreal/MyProject6/Content/StarterContent/Textures/T_CobbleStone_Smooth_D.uasset"
[2020.04.23-21.25.02:745][  0]LogPackFactory: Copied "../../../Samples/StarterContent/Content/StarterContent/Textures/T_CobbleStone_Smooth_M.uasset" to "../../../../../../unreal/MyProject6/Content/StarterContent/Textures/T_CobbleStone_Smooth_M.uasset"
[2020.04.23-21.25.02:850][  0]LogPackFactory: Copied "../../../Samples/StarterContent/Content/StarterContent/Textures/T_CobbleStone_Smooth_N.uasset" to "../../../../../../unreal/MyProject6/Content/StarterContent/Textures/T_CobbleStone_Smooth_N.uasset"
[2020.04.23-21.25.02:966][  0]LogPackFactory: Copied "../../../Samples/StarterContent/Content/StarterContent/Textures/T_Concrete_Grime_D.uasset" to "../../../../../../unreal/MyProject6/Content/StarterContent/Textures/T_Concrete_Grime_D.uasset"
[2020.04.23-21.25.03:057][  0]LogPackFactory: Copied "../../../Samples/StarterContent/Content/StarterContent/Textures/T_Concrete_Panels_D.uasset" to "../../../../../../unreal/MyProject6/Content/StarterContent/Textures/T_Concrete_Panels_D.uasset"
[2020.04.23-21.25.03:138][  0]LogPackFactory: Copied "../../../Samples/StarterContent/Content/StarterContent/Textures/T_Concrete_Panels_N.uasset" to "../../../../../../unreal/MyProject6/Content/StarterContent/Textures/T_Concrete_Panels_N.uasset"
[2020.04.23-21.25.03:259][  0]LogPackFactory: Copied "../../../Samples/StarterContent/Content/StarterContent/Textures/T_Concrete_Poured_D.uasset" to "../../../../../../unreal/MyProject6/Content/StarterContent/Textures/T_Concrete_Poured_D.uasset"
[2020.04.23-21.25.03:370][  0]LogPackFactory: Copied "../../../Samples/StarterContent/Content/StarterContent/Textures/T_Concrete_Poured_N.uasset" to "../../../../../../unreal/MyProject6/Content/StarterContent/Textures/T_Concrete_Poured_N.uasset"
[2020.04.23-21.25.03:578][  0]LogPackFactory: Copied "../../../Samples/StarterContent/Content/StarterContent/Textures/T_Concrete_Tiles_D.uasset" to "../../../../../../unreal/MyProject6/Content/StarterContent/Textures/T_Concrete_Tiles_D.uasset"
[2020.04.23-21.25.03:697][  0]LogPackFactory: Copied "../../../Samples/StarterContent/Content/StarterContent/Textures/T_Concrete_Tiles_M.uasset" to "../../../../../../unreal/MyProject6/Content/StarterContent/Textures/T_Concrete_Tiles_M.uasset"
[2020.04.23-21.25.03:807][  0]LogPackFactory: Copied "../../../Samples/StarterContent/Content/StarterContent/Textures/T_Concrete_Tiles_N.uasset" to "../../../../../../unreal/MyProject6/Content/StarterContent/Textures/T_Concrete_Tiles_N.uasset"
[2020.04.23-21.25.03:906][  0]LogPackFactory: Copied "../../../Samples/StarterContent/Content/StarterContent/Textures/T_Concrete_Tiles_Variation_M.uasset" to "../../../../../../unreal/MyProject6/Content/StarterContent/Textures/T_Concrete_Tiles_Variation_M.uasset"
[2020.04.23-21.25.04:064][  0]LogPackFactory: Copied "../../../Samples/StarterContent/Content/StarterContent/Textures/T_Detail_Rocky_N.uasset" to "../../../../../../unreal/MyProject6/Content/StarterContent/Textures/T_Detail_Rocky_N.uasset"
[2020.04.23-21.25.04:101][  0]LogPackFactory: Copied "../../../Samples/StarterContent/Content/StarterContent/Textures/T_Door_M.uasset" to "../../../../../../unreal/MyProject6/Content/StarterContent/Textures/T_Door_M.uasset"
[2020.04.23-21.25.04:133][  0]LogPackFactory: Copied "../../../Samples/StarterContent/Content/StarterContent/Textures/T_Door_N.uasset" to "../../../../../../unreal/MyProject6/Content/StarterContent/Textures/T_Door_N.uasset"
[2020.04.23-21.25.04:165][  0]LogPackFactory: Copied "../../../Samples/StarterContent/Content/StarterContent/Textures/T_Dust_Particle_D.uasset" to "../../../../../../unreal/MyProject6/Content/StarterContent/Textures/T_Dust_Particle_D.uasset"
[2020.04.23-21.25.04:234][  0]LogPackFactory: Copied "../../../Samples/StarterContent/Content/StarterContent/Textures/T_Explosion_SubUV.uasset" to "../../../../../../unreal/MyProject6/Content/StarterContent/Textures/T_Explosion_SubUV.uasset"
[2020.04.23-21.25.04:256][  0]LogPackFactory: Copied "../../../Samples/StarterContent/Content/StarterContent/Textures/T_Fire_SubUV.uasset" to "../../../../../../unreal/MyProject6/Content/StarterContent/Textures/T_Fire_SubUV.uasset"
[2020.04.23-21.25.04:304][  0]LogPackFactory: Copied "../../../Samples/StarterContent/Content/StarterContent/Textures/T_Fire_Tiled_D.uasset" to "../../../../../../unreal/MyProject6/Content/StarterContent/Textures/T_Fire_Tiled_D.uasset"
[2020.04.23-21.25.04:330][  0]LogPackFactory: Copied "../../../Samples/StarterContent/Content/StarterContent/Textures/T_Frame_M.uasset" to "../../../../../../unreal/MyProject6/Content/StarterContent/Textures/T_Frame_M.uasset"
[2020.04.23-21.25.04:387][  0]LogPackFactory: Copied "../../../Samples/StarterContent/Content/StarterContent/Textures/T_Frame_N.uasset" to "../../../../../../unreal/MyProject6/Content/StarterContent/Textures/T_Frame_N.uasset"
[2020.04.23-21.25.04:423][  0]LogPackFactory: Copied "../../../Samples/StarterContent/Content/StarterContent/Textures/T_Gradinet_01.uasset" to "../../../../../../unreal/MyProject6/Content/StarterContent/Textures/T_Gradinet_01.uasset"
[2020.04.23-21.25.04:543][  0]LogPackFactory: Copied "../../../Samples/StarterContent/Content/StarterContent/Textures/T_Ground_Grass_D.uasset" to "../../../../../../unreal/MyProject6/Content/StarterContent/Textures/T_Ground_Grass_D.uasset"
[2020.04.23-21.25.04:665][  0]LogPackFactory: Copied "../../../Samples/StarterContent/Content/StarterContent/Textures/T_Ground_Grass_N.uasset" to "../../../../../../unreal/MyProject6/Content/StarterContent/Textures/T_Ground_Grass_N.uasset"
[2020.04.23-21.25.04:810][  0]LogPackFactory: Copied "../../../Samples/StarterContent/Content/StarterContent/Textures/T_Ground_Gravel_D.uasset" to "../../../../../../unreal/MyProject6/Content/StarterContent/Textures/T_Ground_Gravel_D.uasset"
[2020.04.23-21.25.04:912][  0]LogPackFactory: Copied "../../../Samples/StarterContent/Content/StarterContent/Textures/T_Ground_Gravel_N.uasset" to "../../../../../../unreal/MyProject6/Content/StarterContent/Textures/T_Ground_Gravel_N.uasset"
[2020.04.23-21.25.05:093][  0]LogPackFactory: Copied "../../../Samples/StarterContent/Content/StarterContent/Textures/T_ground_Moss_D.uasset" to "../../../../../../unreal/MyProject6/Content/StarterContent/Textures/T_ground_Moss_D.uasset"
[2020.04.23-21.25.05:390][  0]LogPackFactory: Copied "../../../Samples/StarterContent/Content/StarterContent/Textures/T_Ground_Moss_N.uasset" to "../../../../../../unreal/MyProject6/Content/StarterContent/Textures/T_Ground_Moss_N.uasset"
[2020.04.23-21.25.05:611][  0]LogPackFactory: Copied "../../../Samples/StarterContent/Content/StarterContent/Textures/T_Lamp_M.uasset" to "../../../../../../unreal/MyProject6/Content/StarterContent/Textures/T_Lamp_M.uasset"
[2020.04.23-21.25.05:693][  0]LogPackFactory: Copied "../../../Samples/StarterContent/Content/StarterContent/Textures/T_Lamp_N.uasset" to "../../../../../../unreal/MyProject6/Content/StarterContent/Textures/T_Lamp_N.uasset"
[2020.04.23-21.25.05:912][  0]LogPackFactory: Copied "../../../Samples/StarterContent/Content/StarterContent/Textures/T_MacroVariation.uasset" to "../../../../../../unreal/MyProject6/Content/StarterContent/Textures/T_MacroVariation.uasset"
[2020.04.23-21.25.06:023][  0]LogPackFactory: Copied "../../../Samples/StarterContent/Content/StarterContent/Textures/T_Metal_Aluminum_D.uasset" to "../../../../../../unreal/MyProject6/Content/StarterContent/Textures/T_Metal_Aluminum_D.uasset"
[2020.04.23-21.25.06:237][  0]LogPackFactory: Copied "../../../Samples/StarterContent/Content/StarterContent/Textures/T_Metal_Copper_D.uasset" to "../../../../../../unreal/MyProject6/Content/StarterContent/Textures/T_Metal_Copper_D.uasset"
[2020.04.23-21.25.06:546][  0]LogPackFactory: Copied "../../../Samples/StarterContent/Content/StarterContent/Textures/T_Metal_Gold_D.uasset" to "../../../../../../unreal/MyProject6/Content/StarterContent/Textures/T_Metal_Gold_D.uasset"
[2020.04.23-21.25.06:726][  0]LogPackFactory: Copied "../../../Samples/StarterContent/Content/StarterContent/Textures/T_Metal_Gold_N.uasset" to "../../../../../../unreal/MyProject6/Content/StarterContent/Textures/T_Metal_Gold_N.uasset"
[2020.04.23-21.25.06:995][  0]LogPackFactory: Copied "../../../Samples/StarterContent/Content/StarterContent/Textures/T_Metal_Rust_D.uasset" to "../../../../../../unreal/MyProject6/Content/StarterContent/Textures/T_Metal_Rust_D.uasset"
[2020.04.23-21.25.07:155][  0]LogPackFactory: Copied "../../../Samples/StarterContent/Content/StarterContent/Textures/T_Metal_Rust_N.uasset" to "../../../../../../unreal/MyProject6/Content/StarterContent/Textures/T_Metal_Rust_N.uasset"
[2020.04.23-21.25.07:223][  0]LogPackFactory: Copied "../../../Samples/StarterContent/Content/StarterContent/Textures/T_Metal_Steel_D.uasset" to "../../../../../../unreal/MyProject6/Content/StarterContent/Textures/T_Metal_Steel_D.uasset"
[2020.04.23-21.25.07:308][  0]LogPackFactory: Copied "../../../Samples/StarterContent/Content/StarterContent/Textures/T_Metal_Steel_N.uasset" to "../../../../../../unreal/MyProject6/Content/StarterContent/Textures/T_Metal_Steel_N.uasset"
[2020.04.23-21.25.07:401][  0]LogPackFactory: Copied "../../../Samples/StarterContent/Content/StarterContent/Textures/T_Perlin_Noise_M.uasset" to "../../../../../../unreal/MyProject6/Content/StarterContent/Textures/T_Perlin_Noise_M.uasset"
[2020.04.23-21.25.07:606][  0]LogPackFactory: Copied "../../../Samples/StarterContent/Content/StarterContent/Textures/T_RockMesh_M.uasset" to "../../../../../../unreal/MyProject6/Content/StarterContent/Textures/T_RockMesh_M.uasset"
[2020.04.23-21.25.07:891][  0]LogPackFactory: Copied "../../../Samples/StarterContent/Content/StarterContent/Textures/T_RockMesh_N.uasset" to "../../../../../../unreal/MyProject6/Content/StarterContent/Textures/T_RockMesh_N.uasset"
[2020.04.23-21.25.08:320][  0]LogPackFactory: Copied "../../../Samples/StarterContent/Content/StarterContent/Textures/T_Rock_Basalt_D.uasset" to "../../../../../../unreal/MyProject6/Content/StarterContent/Textures/T_Rock_Basalt_D.uasset"
[2020.04.23-21.25.08:486][  0]LogPackFactory: Copied "../../../Samples/StarterContent/Content/StarterContent/Textures/T_Rock_Basalt_N.uasset" to "../../../../../../unreal/MyProject6/Content/StarterContent/Textures/T_Rock_Basalt_N.uasset"
[2020.04.23-21.25.08:557][  0]LogPackFactory: Copied "../../../Samples/StarterContent/Content/StarterContent/Textures/T_Rock_Marble_Polished_D.uasset" to "../../../../../../unreal/MyProject6/Content/StarterContent/Textures/T_Rock_Marble_Polished_D.uasset"
[2020.04.23-21.25.08:656][  0]LogPackFactory: Copied "../../../Samples/StarterContent/Content/StarterContent/Textures/T_Rock_Sandstone_D.uasset" to "../../../../../../unreal/MyProject6/Content/StarterContent/Textures/T_Rock_Sandstone_D.uasset"
[2020.04.23-21.25.08:759][  0]LogPackFactory: Copied "../../../Samples/StarterContent/Content/StarterContent/Textures/T_Rock_Sandstone_N.uasset" to "../../../../../../unreal/MyProject6/Content/StarterContent/Textures/T_Rock_Sandstone_N.uasset"
[2020.04.23-21.25.08:890][  0]LogPackFactory: Copied "../../../Samples/StarterContent/Content/StarterContent/Textures/T_Rock_Slate_D.uasset" to "../../../../../../unreal/MyProject6/Content/StarterContent/Textures/T_Rock_Slate_D.uasset"
[2020.04.23-21.25.09:229][  0]LogPackFactory: Copied "../../../Samples/StarterContent/Content/StarterContent/Textures/T_Rock_Slate_N.uasset" to "../../../../../../unreal/MyProject6/Content/StarterContent/Textures/T_Rock_Slate_N.uasset"
[2020.04.23-21.25.09:781][  0]LogPackFactory: Copied "../../../Samples/StarterContent/Content/StarterContent/Textures/T_Rock_Smooth_Granite_D.uasset" to "../../../../../../unreal/MyProject6/Content/StarterContent/Textures/T_Rock_Smooth_Granite_D.uasset"
[2020.04.23-21.25.09:864][  0]LogPackFactory: Copied "../../../Samples/StarterContent/Content/StarterContent/Textures/T_Shelf_M.uasset" to "../../../../../../unreal/MyProject6/Content/StarterContent/Textures/T_Shelf_M.uasset"
[2020.04.23-21.25.09:914][  0]LogPackFactory: Copied "../../../Samples/StarterContent/Content/StarterContent/Textures/T_Shelf_N.uasset" to "../../../../../../unreal/MyProject6/Content/StarterContent/Textures/T_Shelf_N.uasset"
[2020.04.23-21.25.09:967][  0]LogPackFactory: Copied "../../../Samples/StarterContent/Content/StarterContent/Textures/T_Single_Tile_N.uasset" to "../../../../../../unreal/MyProject6/Content/StarterContent/Textures/T_Single_Tile_N.uasset"
[2020.04.23-21.25.10:024][  0]LogPackFactory: Copied "../../../Samples/StarterContent/Content/StarterContent/Textures/T_Smoke_SubUV.uasset" to "../../../../../../unreal/MyProject6/Content/StarterContent/Textures/T_Smoke_SubUV.uasset"
[2020.04.23-21.25.10:071][  0]LogPackFactory: Copied "../../../Samples/StarterContent/Content/StarterContent/Textures/T_Smoke_Tiled_D.uasset" to "../../../../../../unreal/MyProject6/Content/StarterContent/Textures/T_Smoke_Tiled_D.uasset"
[2020.04.23-21.25.10:115][  0]LogPackFactory: Copied "../../../Samples/StarterContent/Content/StarterContent/Textures/T_Spark_Core.uasset" to "../../../../../../unreal/MyProject6/Content/StarterContent/Textures/T_Spark_Core.uasset"
[2020.04.23-21.25.10:167][  0]LogPackFactory: Copied "../../../Samples/StarterContent/Content/StarterContent/Textures/T_Statue_M.uasset" to "../../../../../../unreal/MyProject6/Content/StarterContent/Textures/T_Statue_M.uasset"
[2020.04.23-21.25.10:406][  0]LogPackFactory: Copied "../../../Samples/StarterContent/Content/StarterContent/Textures/T_Statue_N.uasset" to "../../../../../../unreal/MyProject6/Content/StarterContent/Textures/T_Statue_N.uasset"
[2020.04.23-21.25.10:533][  0]LogPackFactory: Copied "../../../Samples/StarterContent/Content/StarterContent/Textures/T_TableRound_M.uasset" to "../../../../../../unreal/MyProject6/Content/StarterContent/Textures/T_TableRound_M.uasset"
[2020.04.23-21.25.10:765][  0]LogPackFactory: Copied "../../../Samples/StarterContent/Content/StarterContent/Textures/T_TableRound_N.uasset" to "../../../../../../unreal/MyProject6/Content/StarterContent/Textures/T_TableRound_N.uasset"
[2020.04.23-21.25.10:964][  0]LogPackFactory: Copied "../../../Samples/StarterContent/Content/StarterContent/Textures/T_Tech_Dot_M.uasset" to "../../../../../../unreal/MyProject6/Content/StarterContent/Textures/T_Tech_Dot_M.uasset"
[2020.04.23-21.25.11:077][  0]LogPackFactory: Copied "../../../Samples/StarterContent/Content/StarterContent/Textures/T_Tech_Dot_N.uasset" to "../../../../../../unreal/MyProject6/Content/StarterContent/Textures/T_Tech_Dot_N.uasset"
[2020.04.23-21.25.11:105][  0]LogPackFactory: Copied "../../../Samples/StarterContent/Content/StarterContent/Textures/T_Tech_Hex_Tile_M.uasset" to "../../../../../../unreal/MyProject6/Content/StarterContent/Textures/T_Tech_Hex_Tile_M.uasset"
[2020.04.23-21.25.11:152][  0]LogPackFactory: Copied "../../../Samples/StarterContent/Content/StarterContent/Textures/T_Tech_Hex_Tile_N.uasset" to "../../../../../../unreal/MyProject6/Content/StarterContent/Textures/T_Tech_Hex_Tile_N.uasset"
[2020.04.23-21.25.11:209][  0]LogPackFactory: Copied "../../../Samples/StarterContent/Content/StarterContent/Textures/T_Tech_Panel_M.uasset" to "../../../../../../unreal/MyProject6/Content/StarterContent/Textures/T_Tech_Panel_M.uasset"
[2020.04.23-21.25.11:247][  0]LogPackFactory: Copied "../../../Samples/StarterContent/Content/StarterContent/Textures/T_Tech_Panel_N.uasset" to "../../../../../../unreal/MyProject6/Content/StarterContent/Textures/T_Tech_Panel_N.uasset"
[2020.04.23-21.25.11:278][  0]LogPackFactory: Copied "../../../Samples/StarterContent/Content/StarterContent/Textures/T_Water_M.uasset" to "../../../../../../unreal/MyProject6/Content/StarterContent/Textures/T_Water_M.uasset"
[2020.04.23-21.25.11:330][  0]LogPackFactory: Copied "../../../Samples/StarterContent/Content/StarterContent/Textures/T_Water_N.uasset" to "../../../../../../unreal/MyProject6/Content/StarterContent/Textures/T_Water_N.uasset"
[2020.04.23-21.25.11:422][  0]LogPackFactory: Copied "../../../Samples/StarterContent/Content/StarterContent/Textures/T_Wood_Floor_Walnut_D.uasset" to "../../../../../../unreal/MyProject6/Content/StarterContent/Textures/T_Wood_Floor_Walnut_D.uasset"
[2020.04.23-21.25.11:509][  0]LogPackFactory: Copied "../../../Samples/StarterContent/Content/StarterContent/Textures/T_Wood_Floor_Walnut_M.uasset" to "../../../../../../unreal/MyProject6/Content/StarterContent/Textures/T_Wood_Floor_Walnut_M.uasset"
[2020.04.23-21.25.11:850][  0]LogPackFactory: Copied "../../../Samples/StarterContent/Content/StarterContent/Textures/T_Wood_Floor_Walnut_N.uasset" to "../../../../../../unreal/MyProject6/Content/StarterContent/Textures/T_Wood_Floor_Walnut_N.uasset"
[2020.04.23-21.25.12:059][  0]LogPackFactory: Copied "../../../Samples/StarterContent/Content/StarterContent/Textures/T_Wood_Oak_D.uasset" to "../../../../../../unreal/MyProject6/Content/StarterContent/Textures/T_Wood_Oak_D.uasset"
[2020.04.23-21.25.12:290][  0]LogPackFactory: Copied "../../../Samples/StarterContent/Content/StarterContent/Textures/T_Wood_Oak_N.uasset" to "../../../../../../unreal/MyProject6/Content/StarterContent/Textures/T_Wood_Oak_N.uasset"
[2020.04.23-21.25.12:432][  0]LogPackFactory: Copied "../../../Samples/StarterContent/Content/StarterContent/Textures/T_Wood_Pine_D.uasset" to "../../../../../../unreal/MyProject6/Content/StarterContent/Textures/T_Wood_Pine_D.uasset"
[2020.04.23-21.25.12:489][  0]LogPackFactory: Copied "../../../Samples/StarterContent/Content/StarterContent/Textures/T_Wood_Pine_N.uasset" to "../../../../../../unreal/MyProject6/Content/StarterContent/Textures/T_Wood_Pine_N.uasset"
[2020.04.23-21.25.12:564][  0]LogPackFactory: Copied "../../../Samples/StarterContent/Content/StarterContent/Textures/T_Wood_Walnut_D.uasset" to "../../../../../../unreal/MyProject6/Content/StarterContent/Textures/T_Wood_Walnut_D.uasset"
[2020.04.23-21.25.12:648][  0]LogPackFactory: Copied "../../../Samples/StarterContent/Content/StarterContent/Textures/T_Wood_Walnut_N.uasset" to "../../../../../../unreal/MyProject6/Content/StarterContent/Textures/T_Wood_Walnut_N.uasset"
[2020.04.23-21.25.14:002][  0]LogRenderer: Reallocating scene render targets to support 256x256 Format 9 NumSamples 1 (Frame:1).
[2020.04.23-21.25.14:154][  0]LogD3D11RHI: Error: agsDriverExtensionsDX11_SetDepthBounds(1,0.000000, 1.000000) returned error code 6. **********PLEASE UPDATE YOUR VIDEO DRIVERS*********
[2020.04.23-21.25.14:972][  0]Cmd: OBJ SAVEPACKAGE PACKAGE="/Game/StarterContent/Architecture/Floor_400x400" FILE="../../../../../../unreal/MyProject6/Content/StarterContent/Architecture/Floor_400x400.uasset" SILENT=true
[2020.04.23-21.25.15:079][  0]LogSavePackage: Moving '../../../../../../unreal/MyProject6/Saved/Floor_400x40090AC8E6A486C162BE57E72848F34B5E3.tmp' to '../../../../../../unreal/MyProject6/Content/StarterContent/Architecture/Floor_400x400.uasset'
[2020.04.23-21.25.15:106][  0]LogFeaturePack: Warning: Inserted 1 feature packs
[2020.04.23-21.25.15:111][  0]Cmd: MAP LOAD FILE="../../../../../../unreal/MyProject6/Content/ThirdPersonBP/Maps/ThirdPersonExampleMap.umap" TEMPLATE=0 SHOWPROGRESS=1 FEATURELEVEL=3
[2020.04.23-21.25.15:112][  0]LightingResults: New page: Lighting Build
[2020.04.23-21.25.15:115][  0]MapCheck: New page: Map Check
[2020.04.23-21.25.15:115][  0]LightingResults: New page: Lighting Build
[2020.04.23-21.25.19:693][  0]LogAIModule: Creating AISystem for world ThirdPersonExampleMap
[2020.04.23-21.25.20:591][  0]LogEditorServer: Finished looking for orphan Actors (0.000 secs)
[2020.04.23-21.25.20:613][  0]Cmd: MAP CHECKDEP NOCLEARLOG
[2020.04.23-21.25.20:690][  0]MapCheck: Map check complete: 0 Error(s), 0 Warning(s), took 76.389ms to complete.
[2020.04.23-21.25.20:690][  0]LogFileHelpers: Loading map 'ThirdPersonExampleMap' took 5.579
[2020.04.23-21.25.21:748][  0]LogSlate: Updating window title bar state: overlay mode, drag disabled, window buttons hidden, title bar hidden
[2020.04.23-21.25.21:793][  0]LogSlate: Updating window title bar state: overlay mode, drag disabled, window buttons hidden, title bar hidden
[2020.04.23-21.25.21:802][  0]LogSlate: Updating window title bar state: overlay mode, drag disabled, window buttons hidden, title bar hidden
[2020.04.23-21.25.21:811][  0]LogSlate: Updating window title bar state: overlay mode, drag disabled, window buttons hidden, title bar hidden
[2020.04.23-21.25.21:915][  0]LogCollectionManager: Loaded 0 collections in 0.002500 seconds
[2020.04.23-21.25.22:261][  0]LogFileCache: Scanning file cache for directory 'D:/unreal/MyProject6/Saved/Collections/' took 0.01s
[2020.04.23-21.25.22:261][  0]LogFileCache: Scanning file cache for directory 'D:/unreal/MyProject6/Content/Developers/AngelMedranoG/Collections/' took 0.01s
[2020.04.23-21.25.22:261][  0]LogFileCache: Scanning file cache for directory 'D:/unreal/MyProject6/Content/Collections/' took 0.01s
[2020.04.23-21.25.22:261][  0]LogCollectionManager: Rebuilt the GUID cache for 0 collections in 0.000000 seconds
[2020.04.23-21.25.22:273][  0]LogContentBrowser: Native class hierarchy populated in 0.0112 seconds. Added 2572 classes and 603 folders.
[2020.04.23-21.25.22:314][  0]LogContentBrowser: Native class hierarchy updated for 'WidgetCarousel' in 0.0003 seconds. Added 0 classes and 0 folders.
[2020.04.23-21.25.22:360][  0]LogContentBrowser: Native class hierarchy updated for 'AddContentDialog' in 0.0003 seconds. Added 0 classes and 0 folders.
[2020.04.23-21.25.22:402][  0]LogContentBrowser: Native class hierarchy updated for 'SceneOutliner' in 0.0003 seconds. Added 1 classes and 2 folders.
[2020.04.23-21.25.24:308][  0]LogSlate: Took 0.000224 seconds to synchronously load lazily loaded font '../../../Engine/Content/Slate/Fonts/Roboto-Regular.ttf' (155K)
[2020.04.23-21.25.24:310][  0]LogSlate: Took 0.000211 seconds to synchronously load lazily loaded font '../../../Engine/Content/Slate/Fonts/Roboto-Bold.ttf' (160K)
[2020.04.23-21.25.24:504][  0]LogSlate: Took 0.092257 seconds to synchronously load lazily loaded font '../../../Engine/Content/Editor/Slate/Fonts/FontAwesome.ttf' (139K)
[2020.04.23-21.25.25:032][  0]LogRenderer: Reallocating scene render targets to support 800x356 Format 9 NumSamples 1 (Frame:1).
[2020.04.23-21.25.25:367][  0]LogSlate: Took 0.000279 seconds to synchronously load lazily loaded font '../../../Engine/Content/Slate/Fonts/Roboto-Light.ttf' (167K)
[2020.04.23-21.25.25:473][  0]LogContentBrowser: Native class hierarchy updated for 'HierarchicalLODOutliner' in 0.0003 seconds. Added 0 classes and 0 folders.
[2020.04.23-21.25.25:473][  0]LogLoad: (Engine Initialization) Total time: 46.03 seconds
[2020.04.23-21.25.25:473][  0]LogLoad: (Engine Initialization) Total Blueprint compile time: 0.00 seconds
[2020.04.23-21.25.25:668][  0]LogContentStreaming: Texture pool size now 800 MB
[2020.04.23-21.25.35:840][283]LogSlate: FSceneViewport::OnFocusLost() reason 0
[2020.04.23-21.25.36:093][292]LogAssetRegistry: Asset discovery search completed in 51.8126 seconds
[2020.04.23-21.25.36:095][292]LogCollectionManager: Rebuilt the object cache for 0 collections in 0.000000 seconds (found 0 objects)
[2020.04.23-21.25.36:095][292]LogCollectionManager: Fixed up redirectors for 0 collections in 0.000094 seconds (updated 0 objects)
